I20260622 21:55:14.048678 131517825122304 misc.cc:44] 
==============================================================================
Feature extraction
==============================================================================
I20260622 21:55:14.107177 131515999780864 sift.cc:716] Creating Covariant SIFT CPU feature extractor
I20260622 21:55:14.107273 131515991388160 sift.cc:716] Creating Covariant SIFT CPU feature extractor
I20260622 21:55:14.107292 131515907461120 sift.cc:716] Creating Covariant SIFT CPU feature extractor
I20260622 21:55:14.107319 131515974602752 sift.cc:716] Creating Covariant SIFT CPU feature extractor
I20260622 21:55:14.107333 131515966210048 sift.cc:716] Creating Covariant SIFT CPU feature extractor
I20260622 21:55:14.107357 131515957817344 sift.cc:716] Creating Covariant SIFT CPU feature extractor
I20260622 21:55:14.107382 131515949424640 sift.cc:716] Creating Covariant SIFT CPU feature extractor
I20260622 21:55:14.107402 131515941031936 sift.cc:716] Creating Covariant SIFT CPU feature extractor
I20260622 21:55:14.107453 131515924246528 sift.cc:716] Creating Covariant SIFT CPU feature extractor
I20260622 21:55:14.107471 131515915853824 sift.cc:716] Creating Covariant SIFT CPU feature extractor
I20260622 21:55:14.107308 131515982995456 sift.cc:716] Creating Covariant SIFT CPU feature extractor
I20260622 21:55:14.108089 131515890675712 sift.cc:716] Creating Covariant SIFT CPU feature extractor
I20260622 21:55:14.108143 131515882283008 sift.cc:716] Creating Covariant SIFT CPU feature extractor
I20260622 21:55:14.109066 131515873890304 sift.cc:716] Creating Covariant SIFT CPU feature extractor
I20260622 21:55:14.109100 131514985607168 sift.cc:716] Creating Covariant SIFT CPU feature extractor
I20260622 21:55:14.109121 131514977214464 sift.cc:716] Creating Covariant SIFT CPU feature extractor
I20260622 21:55:14.109137 131514968821760 sift.cc:716] Creating Covariant SIFT CPU feature extractor
I20260622 21:55:14.109165 131515932639232 sift.cc:716] Creating Covariant SIFT CPU feature extractor
I20260622 21:55:14.110162 131515899068416 sift.cc:716] Creating Covariant SIFT CPU feature extractor
I20260622 21:55:14.111977 131514952036352 sift.cc:716] Creating Covariant SIFT CPU feature extractor
I20260622 21:55:14.112001 131514943643648 sift.cc:716] Creating Covariant SIFT CPU feature extractor
I20260622 21:55:14.112019 131514935250944 sift.cc:716] Creating Covariant SIFT CPU feature extractor
I20260622 21:55:14.112037 131514574561280 sift.cc:716] Creating Covariant SIFT CPU feature extractor
I20260622 21:55:14.112061 131514566168576 sift.cc:716] Creating Covariant SIFT CPU feature extractor
I20260622 21:55:14.112077 131514557775872 sift.cc:716] Creating Covariant SIFT CPU feature extractor
I20260622 21:55:14.112099 131514549383168 sift.cc:716] Creating Covariant SIFT CPU feature extractor
I20260622 21:55:14.112116 131514540990464 sift.cc:716] Creating Covariant SIFT CPU feature extractor
I20260622 21:55:14.112134 131514532597760 sift.cc:716] Creating Covariant SIFT CPU feature extractor
I20260622 21:55:14.112160 131514960429056 sift.cc:716] Creating Covariant SIFT CPU feature extractor
I20260622 21:55:14.113164 131514582953984 sift.cc:716] Creating Covariant SIFT CPU feature extractor
I20260622 21:55:14.113193 131514448736256 sift.cc:716] Creating Covariant SIFT CPU feature extractor
I20260622 21:55:14.113215 131514440343552 sift.cc:716] Creating Covariant SIFT CPU feature extractor
I20260622 21:55:14.113231 131514431950848 sift.cc:716] Creating Covariant SIFT CPU feature extractor
I20260622 21:55:14.113247 131514423558144 sift.cc:716] Creating Covariant SIFT CPU feature extractor
I20260622 21:55:14.115164 131514398380032 sift.cc:716] Creating Covariant SIFT CPU feature extractor
I20260622 21:55:14.115198 131513374994432 sift.cc:716] Creating Covariant SIFT CPU feature extractor
I20260622 21:55:14.115217 131513366601728 sift.cc:716] Creating Covariant SIFT CPU feature extractor
I20260622 21:55:14.115236 131513358209024 sift.cc:716] Creating Covariant SIFT CPU feature extractor
I20260622 21:55:14.115164 131514406772736 sift.cc:716] Creating Covariant SIFT CPU feature extractor
I20260622 21:55:14.115277 131513349816320 sift.cc:716] Creating Covariant SIFT CPU feature extractor
I20260622 21:55:14.116163 131514415165440 sift.cc:716] Creating Covariant SIFT CPU feature extractor
I20260622 21:55:14.118164 131513072988160 sift.cc:716] Creating Covariant SIFT CPU feature extractor
I20260622 21:55:14.118185 131513098166272 sift.cc:716] Creating Covariant SIFT CPU feature extractor
I20260622 21:55:14.118205 131513106558976 sift.cc:716] Creating Covariant SIFT CPU feature extractor
I20260622 21:55:14.118187 131513324638208 sift.cc:716] Creating Covariant SIFT CPU feature extractor
I20260622 21:55:14.118174 131513333030912 sift.cc:716] Creating Covariant SIFT CPU feature extractor
I20260622 21:55:14.118233 131513089773568 sift.cc:716] Creating Covariant SIFT CPU feature extractor
I20260622 21:55:14.118255 131513056202752 sift.cc:716] Creating Covariant SIFT CPU feature extractor
I20260622 21:55:14.118266 131513081380864 sift.cc:716] Creating Covariant SIFT CPU feature extractor
I20260622 21:55:14.118274 131512838123520 sift.cc:716] Creating Covariant SIFT CPU feature extractor
I20260622 21:55:14.118164 131513341423616 sift.cc:716] Creating Covariant SIFT CPU feature extractor
I20260622 21:55:14.118307 131512829730816 sift.cc:716] Creating Covariant SIFT CPU feature extractor
I20260622 21:55:14.118213 131513064595456 sift.cc:716] Creating Covariant SIFT CPU feature extractor
I20260622 21:55:14.119076 131512821338112 sift.cc:716] Creating Covariant SIFT CPU feature extractor
I20260622 21:55:14.119097 131512812945408 sift.cc:716] Creating Covariant SIFT CPU feature extractor
I20260622 21:55:14.119118 131512804552704 sift.cc:716] Creating Covariant SIFT CPU feature extractor
I20260622 21:55:14.119132 131512796160000 sift.cc:716] Creating Covariant SIFT CPU feature extractor
I20260622 21:55:14.121050 131511655309312 sift.cc:716] Creating Covariant SIFT CPU feature extractor
I20260622 21:55:14.121297 131511646916608 sift.cc:716] Creating Covariant SIFT CPU feature extractor
I20260622 21:55:14.122165 131512787767296 sift.cc:716] Creating Covariant SIFT CPU feature extractor
I20260622 21:55:14.122193 131511697272832 sift.cc:716] Creating Covariant SIFT CPU feature extractor
I20260622 21:55:14.122213 131511688880128 sift.cc:716] Creating Covariant SIFT CPU feature extractor
I20260622 21:55:14.122235 131511680487424 sift.cc:716] Creating Covariant SIFT CPU feature extractor
I20260622 21:55:14.122254 131511672094720 sift.cc:716] Creating Covariant SIFT CPU feature extractor
I20260622 21:55:14.122272 131511663702016 sift.cc:716] Creating Covariant SIFT CPU feature extractor
I20260622 21:55:14.124022 131511495946240 sift.cc:716] Creating Covariant SIFT CPU feature extractor
I20260622 21:55:14.124045 131511487553536 sift.cc:716] Creating Covariant SIFT CPU feature extractor
I20260622 21:55:14.124066 131511479160832 sift.cc:716] Creating Covariant SIFT CPU feature extractor
I20260622 21:55:14.124086 131511462375424 sift.cc:716] Creating Covariant SIFT CPU feature extractor
I20260622 21:55:14.124108 131511453982720 sift.cc:716] Creating Covariant SIFT CPU feature extractor
I20260622 21:55:14.124125 131511445590016 sift.cc:716] Creating Covariant SIFT CPU feature extractor
I20260622 21:55:14.124146 131510959075328 sift.cc:716] Creating Covariant SIFT CPU feature extractor
I20260622 21:55:14.124171 131510950682624 sift.cc:716] Creating Covariant SIFT CPU feature extractor
I20260622 21:55:14.124190 131510942289920 sift.cc:716] Creating Covariant SIFT CPU feature extractor
I20260622 21:55:14.124205 131510933897216 sift.cc:716] Creating Covariant SIFT CPU feature extractor
I20260622 21:55:14.125116 131510287986688 sift.cc:716] Creating Covariant SIFT CPU feature extractor
I20260622 21:55:14.125164 131511470768128 sift.cc:716] Creating Covariant SIFT CPU feature extractor
I20260622 21:55:14.127145 131510271201280 sift.cc:716] Creating Covariant SIFT CPU feature extractor
I20260622 21:55:14.127173 131510925504512 sift.cc:716] Creating Covariant SIFT CPU feature extractor
I20260622 21:55:14.127183 131510262808576 sift.cc:716] Creating Covariant SIFT CPU feature extractor
I20260622 21:55:14.127204 131510917111808 sift.cc:716] Creating Covariant SIFT CPU feature extractor
I20260622 21:55:14.127217 131510254415872 sift.cc:716] Creating Covariant SIFT CPU feature extractor
I20260622 21:55:14.127227 131510246023168 sift.cc:716] Creating Covariant SIFT CPU feature extractor
I20260622 21:55:14.127229 131510908719104 sift.cc:716] Creating Covariant SIFT CPU feature extractor
I20260622 21:55:14.127237 131510237630464 sift.cc:716] Creating Covariant SIFT CPU feature extractor
I20260622 21:55:14.127247 131510086660096 sift.cc:716] Creating Covariant SIFT CPU feature extractor
I20260622 21:55:14.127257 131510078267392 sift.cc:716] Creating Covariant SIFT CPU feature extractor
I20260622 21:55:14.128161 131510279593984 sift.cc:716] Creating Covariant SIFT CPU feature extractor
I20260622 21:55:14.130163 131510069874688 sift.cc:716] Creating Covariant SIFT CPU feature extractor
I20260622 21:55:14.130193 131510061481984 sift.cc:716] Creating Covariant SIFT CPU feature extractor
I20260622 21:55:14.130210 131510053089280 sift.cc:716] Creating Covariant SIFT CPU feature extractor
I20260622 21:55:14.130233 131510044696576 sift.cc:716] Creating Covariant SIFT CPU feature extractor
I20260622 21:55:14.130585 131509751115776 sift.cc:716] Creating Covariant SIFT CPU feature extractor
I20260622 21:55:14.130606 131509742723072 sift.cc:716] Creating Covariant SIFT CPU feature extractor
I20260622 21:55:14.130623 131509734330368 sift.cc:716] Creating Covariant SIFT CPU feature extractor
I20260622 21:55:14.130641 131509725937664 sift.cc:716] Creating Covariant SIFT CPU feature extractor
I20260622 21:55:14.130659 131509717544960 sift.cc:716] Creating Covariant SIFT CPU feature extractor
I20260622 21:55:14.130681 131509709152256 sift.cc:716] Creating Covariant SIFT CPU feature extractor
I20260622 21:55:14.130697 131509700759552 sift.cc:716] Creating Covariant SIFT CPU feature extractor
I20260622 21:55:14.130716 131509608505344 sift.cc:716] Creating Covariant SIFT CPU feature extractor
I20260622 21:55:14.131162 131510036303872 sift.cc:716] Creating Covariant SIFT CPU feature extractor
I20260622 21:55:14.131533 131509574934528 sift.cc:716] Creating Covariant SIFT CPU feature extractor
I20260622 21:55:14.133160 131509616898048 sift.cc:716] Creating Covariant SIFT CPU feature extractor
I20260622 21:55:14.133681 131509600112640 sift.cc:716] Creating Covariant SIFT CPU feature extractor
I20260622 21:55:14.133701 131509591719936 sift.cc:716] Creating Covariant SIFT CPU feature extractor
I20260622 21:55:14.133726 131509566541824 sift.cc:716] Creating Covariant SIFT CPU feature extractor
I20260622 21:55:14.133745 131509482680320 sift.cc:716] Creating Covariant SIFT CPU feature extractor
I20260622 21:55:14.133768 131509474287616 sift.cc:716] Creating Covariant SIFT CPU feature extractor
I20260622 21:55:14.133785 131509465894912 sift.cc:716] Creating Covariant SIFT CPU feature extractor
I20260622 21:55:14.133804 131509457502208 sift.cc:716] Creating Covariant SIFT CPU feature extractor
I20260622 21:55:14.133823 131509449109504 sift.cc:716] Creating Covariant SIFT CPU feature extractor
I20260622 21:55:14.133843 131509432324096 sift.cc:716] Creating Covariant SIFT CPU feature extractor
I20260622 21:55:14.133862 131509348462592 sift.cc:716] Creating Covariant SIFT CPU feature extractor
I20260622 21:55:14.134165 131509583327232 sift.cc:716] Creating Covariant SIFT CPU feature extractor
I20260622 21:55:14.136165 131509440716800 sift.cc:716] Creating Covariant SIFT CPU feature extractor
I20260622 21:55:14.136747 131509340069888 sift.cc:716] Creating Covariant SIFT CPU feature extractor
I20260622 21:55:14.136766 131509323284480 sift.cc:716] Creating Covariant SIFT CPU feature extractor
I20260622 21:55:14.136786 131509314891776 sift.cc:716] Creating Covariant SIFT CPU feature extractor
I20260622 21:55:14.136804 131509306499072 sift.cc:716] Creating Covariant SIFT CPU feature extractor
I20260622 21:55:14.136827 131509298106368 sift.cc:716] Creating Covariant SIFT CPU feature extractor
I20260622 21:55:14.136851 131509214244864 sift.cc:716] Creating Covariant SIFT CPU feature extractor
I20260622 21:55:14.136870 131509205852160 sift.cc:716] Creating Covariant SIFT CPU feature extractor
I20260622 21:55:14.136889 131509197459456 sift.cc:716] Creating Covariant SIFT CPU feature extractor
I20260622 21:55:14.136908 131509180674048 sift.cc:716] Creating Covariant SIFT CPU feature extractor
I20260622 21:55:14.136924 131509172281344 sift.cc:716] Creating Covariant SIFT CPU feature extractor
I20260622 21:55:14.137179 131509163888640 sift.cc:716] Creating Covariant SIFT CPU feature extractor
I20260622 21:55:14.137194 131509331677184 sift.cc:716] Creating Covariant SIFT CPU feature extractor
I20260622 21:55:14.139163 131509189066752 sift.cc:716] Creating Covariant SIFT CPU feature extractor
I20260622 21:55:14.139975 131509071634432 sift.cc:716] Creating Covariant SIFT CPU feature extractor
I20260622 21:55:14.139998 131509063241728 sift.cc:716] Creating Covariant SIFT CPU feature extractor
I20260622 21:55:14.140018 131509054849024 sift.cc:716] Creating Covariant SIFT CPU feature extractor
I20260622 21:55:14.140039 131509046456320 sift.cc:716] Creating Covariant SIFT CPU feature extractor
I20260622 21:55:14.140061 131509038063616 sift.cc:716] Creating Covariant SIFT CPU feature extractor
I20260622 21:55:14.140082 131509029670912 sift.cc:716] Creating Covariant SIFT CPU feature extractor
I20260622 21:55:14.140103 131506261454848 sift.cc:716] Creating Covariant SIFT CPU feature extractor
I20260622 21:55:14.140128 131506244669440 sift.cc:716] Creating Covariant SIFT CPU feature extractor
I20260622 21:55:14.140145 131506236276736 sift.cc:716] Creating Covariant SIFT CPU feature extractor
I20260622 21:55:14.140164 131509080027136 sift.cc:716] Creating Covariant SIFT CPU feature extractor
I20260622 21:55:14.140171 131506227884032 sift.cc:716] Creating Covariant SIFT CPU feature extractor
I20260622 21:55:14.140778 131505321930752 sift.cc:716] Creating Covariant SIFT CPU feature extractor
I20260622 21:55:14.141288 131505305145344 sift.cc:716] Creating Covariant SIFT CPU feature extractor
I20260622 21:55:14.142161 131506253062144 sift.cc:716] Creating Covariant SIFT CPU feature extractor
I20260622 21:55:14.142263 131505271574528 sift.cc:716] Creating Covariant SIFT CPU feature extractor
I20260622 21:55:14.142448 131506211098624 sift.cc:716] Creating Covariant SIFT CPU feature extractor
I20260622 21:55:14.142502 131505053495296 sift.cc:716] Creating Covariant SIFT CPU feature extractor
I20260622 21:55:14.142683 131505313538048 sift.cc:716] Creating Covariant SIFT CPU feature extractor
I20260622 21:55:14.142730 131505045102592 sift.cc:716] Creating Covariant SIFT CPU feature extractor
I20260622 21:55:14.143093 131505036709888 sift.cc:716] Creating Covariant SIFT CPU feature extractor
I20260622 21:55:14.143163 131506219491328 sift.cc:716] Creating Covariant SIFT CPU feature extractor
I20260622 21:55:14.143273 131505296752640 sift.cc:716] Creating Covariant SIFT CPU feature extractor
I20260622 21:55:14.143292 131505288359936 sift.cc:716] Creating Covariant SIFT CPU feature extractor
I20260622 21:55:14.143310 131505279967232 sift.cc:716] Creating Covariant SIFT CPU feature extractor
I20260622 21:55:14.143356 131505028317184 sift.cc:716] Creating Covariant SIFT CPU feature extractor
I20260622 21:55:14.143583 131505019924480 sift.cc:716] Creating Covariant SIFT CPU feature extractor
I20260622 21:55:14.143814 131505011531776 sift.cc:716] Creating Covariant SIFT CPU feature extractor
I20260622 21:55:14.144045 131505003139072 sift.cc:716] Creating Covariant SIFT CPU feature extractor
I20260622 21:55:14.144282 131504113971200 sift.cc:716] Creating Covariant SIFT CPU feature extractor
I20260622 21:55:14.144523 131504105578496 sift.cc:716] Creating Covariant SIFT CPU feature extractor
I20260622 21:55:14.144755 131504097185792 sift.cc:716] Creating Covariant SIFT CPU feature extractor
I20260622 21:55:14.144998 131504088793088 sift.cc:716] Creating Covariant SIFT CPU feature extractor
I20260622 21:55:14.145240 131504080400384 sift.cc:716] Creating Covariant SIFT CPU feature extractor
I20260622 21:55:14.145487 131504072007680 sift.cc:716] Creating Covariant SIFT CPU feature extractor
I20260622 21:55:14.145721 131504063614976 sift.cc:716] Creating Covariant SIFT CPU feature extractor
I20260622 21:55:14.145980 131503577100288 sift.cc:716] Creating Covariant SIFT CPU feature extractor
I20260622 21:55:14.146231 131503568707584 sift.cc:716] Creating Covariant SIFT CPU feature extractor
I20260622 21:55:14.146466 131503560314880 sift.cc:716] Creating Covariant SIFT CPU feature extractor
I20260622 21:55:14.146704 131503551922176 sift.cc:716] Creating Covariant SIFT CPU feature extractor
I20260622 21:55:14.146947 131503543529472 sift.cc:716] Creating Covariant SIFT CPU feature extractor
I20260622 21:55:14.147198 131503535136768 sift.cc:716] Creating Covariant SIFT CPU feature extractor
I20260622 21:55:14.147590 131503526744064 sift.cc:716] Creating Covariant SIFT CPU feature extractor
I20260622 21:55:14.147830 131503040229376 sift.cc:716] Creating Covariant SIFT CPU feature extractor
I20260622 21:55:14.148073 131503031836672 sift.cc:716] Creating Covariant SIFT CPU feature extractor
I20260622 21:55:14.148353 131503023443968 sift.cc:716] Creating Covariant SIFT CPU feature extractor
I20260622 21:55:14.148609 131503015051264 sift.cc:716] Creating Covariant SIFT CPU feature extractor
I20260622 21:55:14.148842 131503006658560 sift.cc:716] Creating Covariant SIFT CPU feature extractor
I20260622 21:55:14.149090 131502998265856 sift.cc:716] Creating Covariant SIFT CPU feature extractor
I20260622 21:55:14.149320 131502989873152 sift.cc:716] Creating Covariant SIFT CPU feature extractor
I20260622 21:55:14.149566 131502503358464 sift.cc:716] Creating Covariant SIFT CPU feature extractor
I20260622 21:55:14.149793 131502494965760 sift.cc:716] Creating Covariant SIFT CPU feature extractor
I20260622 21:55:14.150027 131502486573056 sift.cc:716] Creating Covariant SIFT CPU feature extractor
I20260622 21:55:14.150263 131502478180352 sift.cc:716] Creating Covariant SIFT CPU feature extractor
I20260622 21:55:14.150492 131502469787648 sift.cc:716] Creating Covariant SIFT CPU feature extractor
I20260622 21:55:14.150721 131502461394944 sift.cc:716] Creating Covariant SIFT CPU feature extractor
I20260622 21:55:14.150951 131502453002240 sift.cc:716] Creating Covariant SIFT CPU feature extractor
I20260622 21:55:14.151192 131501966487552 sift.cc:716] Creating Covariant SIFT CPU feature extractor
I20260622 21:55:14.151440 131501958094848 sift.cc:716] Creating Covariant SIFT CPU feature extractor
I20260622 21:55:14.151687 131501949702144 sift.cc:716] Creating Covariant SIFT CPU feature extractor
I20260622 21:55:14.152056 131501941309440 sift.cc:716] Creating Covariant SIFT CPU feature extractor
I20260622 21:55:14.152311 131501932916736 sift.cc:716] Creating Covariant SIFT CPU feature extractor
I20260622 21:55:14.152550 131501924524032 sift.cc:716] Creating Covariant SIFT CPU feature extractor
I20260622 21:55:14.152798 131501916131328 sift.cc:716] Creating Covariant SIFT CPU feature extractor
I20260622 21:55:14.153047 131501429616640 sift.cc:716] Creating Covariant SIFT CPU feature extractor
I20260622 21:55:14.153291 131501421223936 sift.cc:716] Creating Covariant SIFT CPU feature extractor
I20260622 21:55:14.153537 131501412831232 sift.cc:716] Creating Covariant SIFT CPU feature extractor
I20260622 21:55:14.153766 131501404438528 sift.cc:716] Creating Covariant SIFT CPU feature extractor
I20260622 21:55:14.154015 131501396045824 sift.cc:716] Creating Covariant SIFT CPU feature extractor
I20260622 21:55:14.154262 131501387653120 sift.cc:716] Creating Covariant SIFT CPU feature extractor
I20260622 21:55:14.154514 131501379260416 sift.cc:716] Creating Covariant SIFT CPU feature extractor
I20260622 21:55:14.154757 131500892745728 sift.cc:716] Creating Covariant SIFT CPU feature extractor
I20260622 21:55:14.155006 131500884353024 sift.cc:716] Creating Covariant SIFT CPU feature extractor
I20260622 21:55:14.155281 131500875960320 sift.cc:716] Creating Covariant SIFT CPU feature extractor
I20260622 21:55:14.155522 131500867567616 sift.cc:716] Creating Covariant SIFT CPU feature extractor
I20260622 21:55:14.155770 131500859174912 sift.cc:716] Creating Covariant SIFT CPU feature extractor
I20260622 21:55:14.156009 131500850782208 sift.cc:716] Creating Covariant SIFT CPU feature extractor
I20260622 21:55:14.156259 131500842389504 sift.cc:716] Creating Covariant SIFT CPU feature extractor
I20260622 21:55:14.156606 131500355874816 sift.cc:716] Creating Covariant SIFT CPU feature extractor
I20260622 21:55:14.156838 131500347482112 sift.cc:716] Creating Covariant SIFT CPU feature extractor
I20260622 21:55:14.157084 131500339089408 sift.cc:716] Creating Covariant SIFT CPU feature extractor
slurmstepd-user-NF5468-M7-A0-R0-00: error: *** JOB 295 ON user-NF5468-M7-A0-R0-00 CANCELLED AT 2026-06-22T21:55:25 ***
