I20260622 21:55:29.903279 134891582750720 misc.cc:44] 
==============================================================================
Feature extraction
==============================================================================
I20260622 21:55:29.968505 134889755308032 sift.cc:716] Creating Covariant SIFT CPU feature extractor
I20260622 21:55:29.968574 134889746915328 sift.cc:716] Creating Covariant SIFT CPU feature extractor
I20260622 21:55:29.968593 134889738522624 sift.cc:716] Creating Covariant SIFT CPU feature extractor
I20260622 21:55:29.968610 134889730129920 sift.cc:716] Creating Covariant SIFT CPU feature extractor
I20260622 21:55:29.968628 134889721737216 sift.cc:716] Creating Covariant SIFT CPU feature extractor
I20260622 21:55:29.968646 134889713344512 sift.cc:716] Creating Covariant SIFT CPU feature extractor
I20260622 21:55:29.968671 134889704951808 sift.cc:716] Creating Covariant SIFT CPU feature extractor
I20260622 21:55:29.968687 134889696559104 sift.cc:716] Creating Covariant SIFT CPU feature extractor
I20260622 21:55:29.968736 134889688166400 sift.cc:716] Creating Covariant SIFT CPU feature extractor
I20260622 21:55:29.968751 134889679773696 sift.cc:716] Creating Covariant SIFT CPU feature extractor
I20260622 21:55:29.968766 134889671380992 sift.cc:716] Creating Covariant SIFT CPU feature extractor
I20260622 21:55:29.969325 134889654595584 sift.cc:716] Creating Covariant SIFT CPU feature extractor
I20260622 21:55:29.970103 134888883744768 sift.cc:716] Creating Covariant SIFT CPU feature extractor
I20260622 21:55:29.970167 134889646202880 sift.cc:716] Creating Covariant SIFT CPU feature extractor
I20260622 21:55:29.970169 134889637810176 sift.cc:716] Creating Covariant SIFT CPU feature extractor
I20260622 21:55:29.971169 134888875352064 sift.cc:716] Creating Covariant SIFT CPU feature extractor
I20260622 21:55:29.971170 134888866959360 sift.cc:716] Creating Covariant SIFT CPU feature extractor
I20260622 21:55:29.971504 134888850173952 sift.cc:716] Creating Covariant SIFT CPU feature extractor
I20260622 21:55:29.971756 134888841781248 sift.cc:716] Creating Covariant SIFT CPU feature extractor
I20260622 21:55:29.972164 134889662988288 sift.cc:716] Creating Covariant SIFT CPU feature extractor
I20260622 21:55:29.973162 134888262979584 sift.cc:716] Creating Covariant SIFT CPU feature extractor
I20260622 21:55:29.973169 134888858566656 sift.cc:716] Creating Covariant SIFT CPU feature extractor
I20260622 21:55:29.973209 134888833388544 sift.cc:716] Creating Covariant SIFT CPU feature extractor
I20260622 21:55:29.973315 134888246194176 sift.cc:716] Creating Covariant SIFT CPU feature extractor
I20260622 21:55:29.974161 134888271372288 sift.cc:716] Creating Covariant SIFT CPU feature extractor
I20260622 21:55:29.974230 134888254586880 sift.cc:716] Creating Covariant SIFT CPU feature extractor
I20260622 21:55:29.974162 134888237801472 sift.cc:716] Creating Covariant SIFT CPU feature extractor
I20260622 21:55:29.975163 134888279764992 sift.cc:716] Creating Covariant SIFT CPU feature extractor
I20260622 21:55:29.976160 134888229408768 sift.cc:716] Creating Covariant SIFT CPU feature extractor
I20260622 21:55:29.976162 134887868719104 sift.cc:716] Creating Covariant SIFT CPU feature extractor
I20260622 21:55:29.976192 134887877111808 sift.cc:716] Creating Covariant SIFT CPU feature extractor
I20260622 21:55:29.976214 134887860326400 sift.cc:716] Creating Covariant SIFT CPU feature extractor
I20260622 21:55:29.976254 134887835148288 sift.cc:716] Creating Covariant SIFT CPU feature extractor
I20260622 21:55:29.976261 134887608676352 sift.cc:716] Creating Covariant SIFT CPU feature extractor
I20260622 21:55:29.977162 134887826755584 sift.cc:716] Creating Covariant SIFT CPU feature extractor
I20260622 21:55:29.977174 134887843540992 sift.cc:716] Creating Covariant SIFT CPU feature extractor
I20260622 21:55:29.977162 134887851933696 sift.cc:716] Creating Covariant SIFT CPU feature extractor
I20260622 21:55:29.979160 134887591890944 sift.cc:716] Creating Covariant SIFT CPU feature extractor
I20260622 21:55:29.979166 134887600283648 sift.cc:716] Creating Covariant SIFT CPU feature extractor
I20260622 21:55:29.979185 134887583498240 sift.cc:716] Creating Covariant SIFT CPU feature extractor
I20260622 21:55:29.979215 134887172452352 sift.cc:716] Creating Covariant SIFT CPU feature extractor
I20260622 21:55:29.979216 134887566712832 sift.cc:716] Creating Covariant SIFT CPU feature extractor
I20260622 21:55:29.979227 134887197630464 sift.cc:716] Creating Covariant SIFT CPU feature extractor
I20260622 21:55:29.979235 134887180845056 sift.cc:716] Creating Covariant SIFT CPU feature extractor
I20260622 21:55:29.980163 134887575105536 sift.cc:716] Creating Covariant SIFT CPU feature extractor
I20260622 21:55:29.980165 134887206023168 sift.cc:716] Creating Covariant SIFT CPU feature extractor
I20260622 21:55:29.980192 134887558320128 sift.cc:716] Creating Covariant SIFT CPU feature extractor
I20260622 21:55:29.980211 134887189237760 sift.cc:716] Creating Covariant SIFT CPU feature extractor
I20260622 21:55:29.982129 134887164059648 sift.cc:716] Creating Covariant SIFT CPU feature extractor
I20260622 21:55:29.982161 134887155666944 sift.cc:716] Creating Covariant SIFT CPU feature extractor
I20260622 21:55:29.982191 134886669152256 sift.cc:716] Creating Covariant SIFT CPU feature extractor
I20260622 21:55:29.982212 134886643974144 sift.cc:716] Creating Covariant SIFT CPU feature extractor
I20260622 21:55:29.982231 134886635581440 sift.cc:716] Creating Covariant SIFT CPU feature extractor
I20260622 21:55:29.982254 134886627188736 sift.cc:716] Creating Covariant SIFT CPU feature extractor
I20260622 21:55:29.982272 134886618796032 sift.cc:716] Creating Covariant SIFT CPU feature extractor
I20260622 21:55:29.982433 134886333607936 sift.cc:716] Creating Covariant SIFT CPU feature extractor
I20260622 21:55:29.983162 134886660759552 sift.cc:716] Creating Covariant SIFT CPU feature extractor
I20260622 21:55:29.983163 134886652366848 sift.cc:716] Creating Covariant SIFT CPU feature extractor
I20260622 21:55:29.983506 134886325215232 sift.cc:716] Creating Covariant SIFT CPU feature extractor
I20260622 21:55:29.983758 134886316822528 sift.cc:716] Creating Covariant SIFT CPU feature extractor
I20260622 21:55:29.984022 134886308429824 sift.cc:716] Creating Covariant SIFT CPU feature extractor
I20260622 21:55:29.984300 134886300037120 sift.cc:716] Creating Covariant SIFT CPU feature extractor
I20260622 21:55:29.984577 134886291644416 sift.cc:716] Creating Covariant SIFT CPU feature extractor
I20260622 21:55:29.984828 134886283251712 sift.cc:716] Creating Covariant SIFT CPU feature extractor
I20260622 21:55:29.985094 134885461192704 sift.cc:716] Creating Covariant SIFT CPU feature extractor
I20260622 21:55:29.988431 134885452800000 sift.cc:716] Creating Covariant SIFT CPU feature extractor
I20260622 21:55:29.988717 134885444407296 sift.cc:716] Creating Covariant SIFT CPU feature extractor
I20260622 21:55:29.988975 134885436014592 sift.cc:716] Creating Covariant SIFT CPU feature extractor
I20260622 21:55:29.989243 134885427621888 sift.cc:716] Creating Covariant SIFT CPU feature extractor
I20260622 21:55:29.989503 134885419229184 sift.cc:716] Creating Covariant SIFT CPU feature extractor
I20260622 21:55:29.989774 134885410836480 sift.cc:716] Creating Covariant SIFT CPU feature extractor
I20260622 21:55:29.990035 134885192757248 sift.cc:716] Creating Covariant SIFT CPU feature extractor
I20260622 21:55:29.990293 134885184364544 sift.cc:716] Creating Covariant SIFT CPU feature extractor
I20260622 21:55:29.990539 134885175971840 sift.cc:716] Creating Covariant SIFT CPU feature extractor
I20260622 21:55:29.990788 134885167579136 sift.cc:716] Creating Covariant SIFT CPU feature extractor
I20260622 21:55:29.991052 134885159186432 sift.cc:716] Creating Covariant SIFT CPU feature extractor
I20260622 21:55:29.994353 134885150793728 sift.cc:716] Creating Covariant SIFT CPU feature extractor
I20260622 21:55:29.994603 134885142401024 sift.cc:716] Creating Covariant SIFT CPU feature extractor
I20260622 21:55:29.994842 134883850579968 sift.cc:716] Creating Covariant SIFT CPU feature extractor
I20260622 21:55:29.995182 134883842187264 sift.cc:716] Creating Covariant SIFT CPU feature extractor
I20260622 21:55:29.995428 134883833794560 sift.cc:716] Creating Covariant SIFT CPU feature extractor
I20260622 21:55:29.995660 134883825401856 sift.cc:716] Creating Covariant SIFT CPU feature extractor
I20260622 21:55:29.995906 134883817009152 sift.cc:716] Creating Covariant SIFT CPU feature extractor
I20260622 21:55:29.999287 134883808616448 sift.cc:716] Creating Covariant SIFT CPU feature extractor
I20260622 21:55:29.999529 134883800223744 sift.cc:716] Creating Covariant SIFT CPU feature extractor
I20260622 21:55:29.999770 134883313709056 sift.cc:716] Creating Covariant SIFT CPU feature extractor
I20260622 21:55:30.000014 134883305316352 sift.cc:716] Creating Covariant SIFT CPU feature extractor
I20260622 21:55:30.000266 134883296923648 sift.cc:716] Creating Covariant SIFT CPU feature extractor
I20260622 21:55:30.000502 134883288530944 sift.cc:716] Creating Covariant SIFT CPU feature extractor
I20260622 21:55:30.000734 134883280138240 sift.cc:716] Creating Covariant SIFT CPU feature extractor
I20260622 21:55:30.000975 134883271745536 sift.cc:716] Creating Covariant SIFT CPU feature extractor
I20260622 21:55:30.001224 134883263352832 sift.cc:716] Creating Covariant SIFT CPU feature extractor
I20260622 21:55:30.001665 134882776838144 sift.cc:716] Creating Covariant SIFT CPU feature extractor
I20260622 21:55:30.001919 134882768445440 sift.cc:716] Creating Covariant SIFT CPU feature extractor
I20260622 21:55:30.005207 134882760052736 sift.cc:716] Creating Covariant SIFT CPU feature extractor
I20260622 21:55:30.005450 134882751660032 sift.cc:716] Creating Covariant SIFT CPU feature extractor
I20260622 21:55:30.005703 134882743267328 sift.cc:716] Creating Covariant SIFT CPU feature extractor
I20260622 21:55:30.005950 134882734874624 sift.cc:716] Creating Covariant SIFT CPU feature extractor
I20260622 21:55:30.006212 134882726481920 sift.cc:716] Creating Covariant SIFT CPU feature extractor
I20260622 21:55:30.006491 134882239967232 sift.cc:716] Creating Covariant SIFT CPU feature extractor
I20260622 21:55:30.006775 134882231574528 sift.cc:716] Creating Covariant SIFT CPU feature extractor
I20260622 21:55:30.007054 134882223181824 sift.cc:716] Creating Covariant SIFT CPU feature extractor
I20260622 21:55:30.007364 134882214789120 sift.cc:716] Creating Covariant SIFT CPU feature extractor
I20260622 21:55:30.007634 134882206396416 sift.cc:716] Creating Covariant SIFT CPU feature extractor
I20260622 21:55:30.007897 134882198003712 sift.cc:716] Creating Covariant SIFT CPU feature extractor
I20260622 21:55:30.008165 134882189611008 sift.cc:716] Creating Covariant SIFT CPU feature extractor
I20260622 21:55:30.008470 134881703096320 sift.cc:716] Creating Covariant SIFT CPU feature extractor
I20260622 21:55:30.008742 134881694703616 sift.cc:716] Creating Covariant SIFT CPU feature extractor
I20260622 21:55:30.009009 134881686310912 sift.cc:716] Creating Covariant SIFT CPU feature extractor
I20260622 21:55:30.009282 134881677918208 sift.cc:716] Creating Covariant SIFT CPU feature extractor
I20260622 21:55:30.009917 134881669525504 sift.cc:716] Creating Covariant SIFT CPU feature extractor
I20260622 21:55:30.010158 134881661132800 sift.cc:716] Creating Covariant SIFT CPU feature extractor
I20260622 21:55:30.013436 134881652740096 sift.cc:716] Creating Covariant SIFT CPU feature extractor
I20260622 21:55:30.013687 134881166225408 sift.cc:716] Creating Covariant SIFT CPU feature extractor
I20260622 21:55:30.013948 134881157832704 sift.cc:716] Creating Covariant SIFT CPU feature extractor
I20260622 21:55:30.014198 134881149440000 sift.cc:716] Creating Covariant SIFT CPU feature extractor
I20260622 21:55:30.014443 134881141047296 sift.cc:716] Creating Covariant SIFT CPU feature extractor
I20260622 21:55:30.014683 134881132654592 sift.cc:716] Creating Covariant SIFT CPU feature extractor
I20260622 21:55:30.014928 134881124261888 sift.cc:716] Creating Covariant SIFT CPU feature extractor
I20260622 21:55:30.015182 134881115869184 sift.cc:716] Creating Covariant SIFT CPU feature extractor
I20260622 21:55:30.015434 134880629354496 sift.cc:716] Creating Covariant SIFT CPU feature extractor
I20260622 21:55:30.015679 134880620961792 sift.cc:716] Creating Covariant SIFT CPU feature extractor
I20260622 21:55:30.015923 134880612569088 sift.cc:716] Creating Covariant SIFT CPU feature extractor
I20260622 21:55:30.016161 134880604176384 sift.cc:716] Creating Covariant SIFT CPU feature extractor
I20260622 21:55:30.019426 134880595783680 sift.cc:716] Creating Covariant SIFT CPU feature extractor
I20260622 21:55:30.019667 134880587390976 sift.cc:716] Creating Covariant SIFT CPU feature extractor
I20260622 21:55:30.019909 134880578998272 sift.cc:716] Creating Covariant SIFT CPU feature extractor
I20260622 21:55:30.020165 134880092483584 sift.cc:716] Creating Covariant SIFT CPU feature extractor
I20260622 21:55:30.023031 134880084090880 sift.cc:716] Creating Covariant SIFT CPU feature extractor
I20260622 21:55:30.023275 134880075698176 sift.cc:716] Creating Covariant SIFT CPU feature extractor
I20260622 21:55:30.023521 134880067305472 sift.cc:716] Creating Covariant SIFT CPU feature extractor
I20260622 21:55:30.023750 134880058912768 sift.cc:716] Creating Covariant SIFT CPU feature extractor
I20260622 21:55:30.023995 134880050520064 sift.cc:716] Creating Covariant SIFT CPU feature extractor
I20260622 21:55:30.024231 134880042127360 sift.cc:716] Creating Covariant SIFT CPU feature extractor
I20260622 21:55:30.024476 134879555612672 sift.cc:716] Creating Covariant SIFT CPU feature extractor
I20260622 21:55:30.024716 134879547219968 sift.cc:716] Creating Covariant SIFT CPU feature extractor
I20260622 21:55:30.024968 134879538827264 sift.cc:716] Creating Covariant SIFT CPU feature extractor
I20260622 21:55:30.025215 134879530434560 sift.cc:716] Creating Covariant SIFT CPU feature extractor
I20260622 21:55:30.025468 134879522041856 sift.cc:716] Creating Covariant SIFT CPU feature extractor
I20260622 21:55:30.025709 134879513649152 sift.cc:716] Creating Covariant SIFT CPU feature extractor
I20260622 21:55:30.025959 134879505256448 sift.cc:716] Creating Covariant SIFT CPU feature extractor
I20260622 21:55:30.026211 134879018741760 sift.cc:716] Creating Covariant SIFT CPU feature extractor
I20260622 21:55:30.026457 134879010349056 sift.cc:716] Creating Covariant SIFT CPU feature extractor
I20260622 21:55:30.026695 134879001956352 sift.cc:716] Creating Covariant SIFT CPU feature extractor
I20260622 21:55:30.026933 134878993563648 sift.cc:716] Creating Covariant SIFT CPU feature extractor
I20260622 21:55:30.027188 134878985170944 sift.cc:716] Creating Covariant SIFT CPU feature extractor
I20260622 21:55:30.027709 134878976778240 sift.cc:716] Creating Covariant SIFT CPU feature extractor
I20260622 21:55:30.027956 134878968385536 sift.cc:716] Creating Covariant SIFT CPU feature extractor
I20260622 21:55:30.028204 134878481870848 sift.cc:716] Creating Covariant SIFT CPU feature extractor
I20260622 21:55:30.028443 134878473478144 sift.cc:716] Creating Covariant SIFT CPU feature extractor
I20260622 21:55:30.028698 134878465085440 sift.cc:716] Creating Covariant SIFT CPU feature extractor
I20260622 21:55:30.028964 134878456692736 sift.cc:716] Creating Covariant SIFT CPU feature extractor
I20260622 21:55:30.029231 134878448300032 sift.cc:716] Creating Covariant SIFT CPU feature extractor
I20260622 21:55:30.029480 134878439907328 sift.cc:716] Creating Covariant SIFT CPU feature extractor
I20260622 21:55:30.029742 134878431514624 sift.cc:716] Creating Covariant SIFT CPU feature extractor
I20260622 21:55:30.029986 134877944999936 sift.cc:716] Creating Covariant SIFT CPU feature extractor
I20260622 21:55:30.030245 134877936607232 sift.cc:716] Creating Covariant SIFT CPU feature extractor
I20260622 21:55:30.030481 134877928214528 sift.cc:716] Creating Covariant SIFT CPU feature extractor
I20260622 21:55:30.030754 134877919821824 sift.cc:716] Creating Covariant SIFT CPU feature extractor
I20260622 21:55:30.031005 134877911429120 sift.cc:716] Creating Covariant SIFT CPU feature extractor
I20260622 21:55:30.031268 134877903036416 sift.cc:716] Creating Covariant SIFT CPU feature extractor
I20260622 21:55:30.031511 134877894643712 sift.cc:716] Creating Covariant SIFT CPU feature extractor
I20260622 21:55:30.031767 134877408129024 sift.cc:716] Creating Covariant SIFT CPU feature extractor
I20260622 21:55:30.032016 134877399736320 sift.cc:716] Creating Covariant SIFT CPU feature extractor
I20260622 21:55:30.032546 134877391343616 sift.cc:716] Creating Covariant SIFT CPU feature extractor
I20260622 21:55:30.032791 134877382950912 sift.cc:716] Creating Covariant SIFT CPU feature extractor
I20260622 21:55:30.033053 134877374558208 sift.cc:716] Creating Covariant SIFT CPU feature extractor
I20260622 21:55:30.033283 134877366165504 sift.cc:716] Creating Covariant SIFT CPU feature extractor
I20260622 21:55:30.033529 134877357772800 sift.cc:716] Creating Covariant SIFT CPU feature extractor
I20260622 21:55:30.033758 134876871258112 sift.cc:716] Creating Covariant SIFT CPU feature extractor
I20260622 21:55:30.033995 134876862865408 sift.cc:716] Creating Covariant SIFT CPU feature extractor
I20260622 21:55:30.034232 134876854472704 sift.cc:716] Creating Covariant SIFT CPU feature extractor
I20260622 21:55:30.034480 134876846080000 sift.cc:716] Creating Covariant SIFT CPU feature extractor
I20260622 21:55:30.034723 134876837687296 sift.cc:716] Creating Covariant SIFT CPU feature extractor
I20260622 21:55:30.034968 134876829294592 sift.cc:716] Creating Covariant SIFT CPU feature extractor
I20260622 21:55:30.035212 134876820901888 sift.cc:716] Creating Covariant SIFT CPU feature extractor
I20260622 21:55:30.035452 134876334387200 sift.cc:716] Creating Covariant SIFT CPU feature extractor
I20260622 21:55:30.035687 134876325994496 sift.cc:716] Creating Covariant SIFT CPU feature extractor
I20260622 21:55:30.035935 134876317601792 sift.cc:716] Creating Covariant SIFT CPU feature extractor
I20260622 21:55:30.036197 134876309209088 sift.cc:716] Creating Covariant SIFT CPU feature extractor
I20260622 21:55:30.036450 134876300816384 sift.cc:716] Creating Covariant SIFT CPU feature extractor
I20260622 21:55:30.036687 134876292423680 sift.cc:716] Creating Covariant SIFT CPU feature extractor
I20260622 21:55:30.037200 134876284030976 sift.cc:716] Creating Covariant SIFT CPU feature extractor
I20260622 21:55:30.037426 134875797516288 sift.cc:716] Creating Covariant SIFT CPU feature extractor
I20260622 21:55:30.037680 134875789123584 sift.cc:716] Creating Covariant SIFT CPU feature extractor
I20260622 21:55:30.037916 134875780730880 sift.cc:716] Creating Covariant SIFT CPU feature extractor
I20260622 21:55:30.038162 134875772338176 sift.cc:716] Creating Covariant SIFT CPU feature extractor
I20260622 21:55:30.038413 134875763945472 sift.cc:716] Creating Covariant SIFT CPU feature extractor
I20260622 21:55:30.038675 134875755552768 sift.cc:716] Creating Covariant SIFT CPU feature extractor
I20260622 21:55:30.038929 134875747160064 sift.cc:716] Creating Covariant SIFT CPU feature extractor
I20260622 21:55:30.039195 134875260645376 sift.cc:716] Creating Covariant SIFT CPU feature extractor
I20260622 21:55:30.039446 134875252252672 sift.cc:716] Creating Covariant SIFT CPU feature extractor
I20260622 21:55:30.039708 134875243859968 sift.cc:716] Creating Covariant SIFT CPU feature extractor
I20260622 21:55:30.039959 134875235467264 sift.cc:716] Creating Covariant SIFT CPU feature extractor
I20260622 21:55:30.040206 134875227074560 sift.cc:716] Creating Covariant SIFT CPU feature extractor
I20260622 21:55:30.040438 134875218681856 sift.cc:716] Creating Covariant SIFT CPU feature extractor
I20260622 21:55:30.040678 134875210289152 sift.cc:716] Creating Covariant SIFT CPU feature extractor
I20260622 21:55:30.040926 134874723774464 sift.cc:716] Creating Covariant SIFT CPU feature extractor
I20260622 21:55:30.041174 134874715381760 sift.cc:716] Creating Covariant SIFT CPU feature extractor
I20260622 21:55:30.041404 134874706989056 sift.cc:716] Creating Covariant SIFT CPU feature extractor
I20260622 21:55:30.041912 134874698596352 sift.cc:716] Creating Covariant SIFT CPU feature extractor
I20260622 21:55:30.042146 134874690203648 sift.cc:716] Creating Covariant SIFT CPU feature extractor
I20260622 21:55:30.042397 134874681810944 sift.cc:716] Creating Covariant SIFT CPU feature extractor
I20260622 21:55:30.042632 134874673418240 sift.cc:716] Creating Covariant SIFT CPU feature extractor
I20260622 21:55:30.042878 134874186903552 sift.cc:716] Creating Covariant SIFT CPU feature extractor
I20260622 21:55:30.043120 134874178510848 sift.cc:716] Creating Covariant SIFT CPU feature extractor
I20260622 21:55:30.043367 134874170118144 sift.cc:716] Creating Covariant SIFT CPU feature extractor
I20260622 21:55:30.043620 134874161725440 sift.cc:716] Creating Covariant SIFT CPU feature extractor
slurmstepd-user-NF5468-M7-A0-R0-00: error: *** JOB 296 ON user-NF5468-M7-A0-R0-00 CANCELLED AT 2026-06-22T21:55:46 ***
