==== Job info ====
Job ID: 298
Host: user-NF5468-M7-A0-R0-00
CUDA_VISIBLE_DEVICES=0
Mon Jun 22 22:11:53 2026       
+-----------------------------------------------------------------------------------------+
| NVIDIA-SMI 580.126.09             Driver Version: 580.126.09     CUDA Version: 13.0     |
+-----------------------------------------+------------------------+----------------------+
| GPU  Name                 Persistence-M | Bus-Id          Disp.A | Volatile Uncorr. ECC |
| Fan  Temp   Perf          Pwr:Usage/Cap |           Memory-Usage | GPU-Util  Compute M. |
|                                         |                        |               MIG M. |
|=========================================+========================+======================|
|   0  NVIDIA RTX PRO 6000 Blac...    On  |   00000000:58:00.0 Off |                    0 |
| N/A   39C    P0            104W /  600W |    7399MiB /  97887MiB |     21%      Default |
|                                         |                        |             Disabled |
+-----------------------------------------+------------------------+----------------------+

+-----------------------------------------------------------------------------------------+
| Processes:                                                                              |
|  GPU   GI   CI              PID   Type   Process name                        GPU Memory |
|        ID   ID                                                               Usage      |
|=========================================================================================|
|    0   N/A  N/A            4174      G   /usr/lib/xorg/Xorg                        4MiB |
|    0   N/A  N/A          173081    C+G   ...aconda3/envs/mtrl5/bin/python       7243MiB |
+-----------------------------------------------------------------------------------------+
==== Paths ====
SCENE_ROOT=/data2/buaajianghengchen/datasets/EAP-GS/garden
IMAGE_PATH=/data2/buaajianghengchen/datasets/EAP-GS/garden/images
DB_PATH=/data2/buaajianghengchen/datasets/EAP-GS/garden/database.db
SPARSE_ROOT=/data2/buaajianghengchen/datasets/EAP-GS/garden/sparse
==== Cleaning previous COLMAP outputs ====
==== 1. Running COLMAP feature_extractor ====
==== 2. Running COLMAP exhaustive_matcher ====
==== 3. Running COLMAP mapper ====
==== 4. Checking mapper outputs ====
/data2/buaajianghengchen/datasets/EAP-GS/garden/sparse/0/cameras.bin
/data2/buaajianghengchen/datasets/EAP-GS/garden/sparse/0/frames.bin
/data2/buaajianghengchen/datasets/EAP-GS/garden/sparse/0/images.bin
/data2/buaajianghengchen/datasets/EAP-GS/garden/sparse/0/points3D.bin
/data2/buaajianghengchen/datasets/EAP-GS/garden/sparse/0/project.ini
/data2/buaajianghengchen/datasets/EAP-GS/garden/sparse/0/rigs.bin
==== Done ====
