Job ID: 291
Host: user-NF5468-M7-A0-R0-00
CUDA_VISIBLE_DEVICES=0
Mon Jun 22 21:08:43 2026       
+-----------------------------------------------------------------------------------------+
| NVIDIA-SMI 580.126.09             Driver Version: 580.126.09     CUDA Version: 13.0     |
+-----------------------------------------+------------------------+----------------------+
| GPU  Name                 Persistence-M | Bus-Id          Disp.A | Volatile Uncorr. ECC |
| Fan  Temp   Perf          Pwr:Usage/Cap |           Memory-Usage | GPU-Util  Compute M. |
|                                         |                        |               MIG M. |
|=========================================+========================+======================|
|   0  NVIDIA RTX PRO 6000 Blac...    On  |   00000000:58:00.0 Off |                    0 |
| N/A   40C    P0            129W /  600W |    4479MiB /  97887MiB |     24%      Default |
|                                         |                        |             Disabled |
+-----------------------------------------+------------------------+----------------------+

+-----------------------------------------------------------------------------------------+
| Processes:                                                                              |
|  GPU   GI   CI              PID   Type   Process name                        GPU Memory |
|        ID   ID                                                               Usage      |
|=========================================================================================|
|    0   N/A  N/A            4174      G   /usr/lib/xorg/Xorg                        4MiB |
|    0   N/A  N/A          119601    C+G   ...aconda3/envs/mtrl5/bin/python       4323MiB |
+-----------------------------------------------------------------------------------------+
['DSC08007.JPG', 'DSC08139.JPG', 'DSC08023.JPG', 'DSC08056.JPG', 'DSC08040.JPG', 'DSC07957.JPG', 'DSC08089.JPG', 'DSC08122.JPG', 'DSC07990.JPG', 'DSC08106.JPG', 'DSC07974.JPG', 'DSC08073.JPG'] 
DSC08007.JPG
DSC08139.JPG
DSC08023.JPG
DSC08056.JPG
DSC08040.JPG
DSC07957.JPG
DSC08089.JPG
DSC08122.JPG
DSC07990.JPG
DSC08106.JPG
DSC07974.JPG
DSC08073.JPG
