Job ID: 263
Host: user-NF5468-M7-A0-R0-00
CUDA_VISIBLE_DEVICES=0
Mon Jun 22 12:35:36 2026       
+-----------------------------------------------------------------------------------------+
| NVIDIA-SMI 580.126.09             Driver Version: 580.126.09     CUDA Version: 13.0     |
+-----------------------------------------+------------------------+----------------------+
| GPU  Name                 Persistence-M | Bus-Id          Disp.A | Volatile Uncorr. ECC |
| Fan  Temp   Perf          Pwr:Usage/Cap |           Memory-Usage | GPU-Util  Compute M. |
|                                         |                        |               MIG M. |
|=========================================+========================+======================|
|   0  NVIDIA RTX PRO 6000 Blac...    On  |   00000000:D4:00.0 Off |                    0 |
| N/A   40C    P0            104W /  600W |    5605MiB /  97887MiB |     21%      Default |
|                                         |                        |             Disabled |
+-----------------------------------------+------------------------+----------------------+

+-----------------------------------------------------------------------------------------+
| Processes:                                                                              |
|  GPU   GI   CI              PID   Type   Process name                        GPU Memory |
|        ID   ID                                                               Usage      |
|=========================================================================================|
|    0   N/A  N/A            4174      G   /usr/lib/xorg/Xorg                        4MiB |
|    0   N/A  N/A         2752839    C+G   ...aconda3/envs/mtrl5/bin/python       5449MiB |
+-----------------------------------------------------------------------------------------+
