I20260622 20:46:31.532080 128673919238144 misc.cc:44] 
==============================================================================
Feature extraction
==============================================================================
I20260622 20:46:31.592210 128672093913088 sift.cc:716] Creating Covariant SIFT CPU feature extractor
I20260622 20:46:31.592289 128672085520384 sift.cc:716] Creating Covariant SIFT CPU feature extractor
I20260622 20:46:31.592311 128672077127680 sift.cc:716] Creating Covariant SIFT CPU feature extractor
I20260622 20:46:31.592330 128672068734976 sift.cc:716] Creating Covariant SIFT CPU feature extractor
I20260622 20:46:31.592349 128672060342272 sift.cc:716] Creating Covariant SIFT CPU feature extractor
I20260622 20:46:31.592364 128672051949568 sift.cc:716] Creating Covariant SIFT CPU feature extractor
I20260622 20:46:31.595167 128672043556864 sift.cc:716] Creating Covariant SIFT CPU feature extractor
I20260622 20:46:31.596163 128672035164160 sift.cc:716] Creating Covariant SIFT CPU feature extractor
I20260622 20:46:31.596221 128672026771456 sift.cc:716] Creating Covariant SIFT CPU feature extractor
I20260622 20:46:31.596241 128672018378752 sift.cc:716] Creating Covariant SIFT CPU feature extractor
I20260622 20:46:31.596258 128672009986048 sift.cc:716] Creating Covariant SIFT CPU feature extractor
I20260622 20:46:31.596283 128672001593344 sift.cc:716] Creating Covariant SIFT CPU feature extractor
I20260622 20:46:31.596294 128671650148352 sift.cc:716] Creating Covariant SIFT CPU feature extractor
I20260622 20:46:31.596305 128671641755648 sift.cc:716] Creating Covariant SIFT CPU feature extractor
I20260622 20:46:31.596315 128671633362944 sift.cc:716] Creating Covariant SIFT CPU feature extractor
I20260622 20:46:31.596326 128671624970240 sift.cc:716] Creating Covariant SIFT CPU feature extractor
I20260622 20:46:31.596336 128671616577536 sift.cc:716] Creating Covariant SIFT CPU feature extractor
I20260622 20:46:31.598168 128671608184832 sift.cc:716] Creating Covariant SIFT CPU feature extractor
I20260622 20:46:31.598203 128671599792128 sift.cc:716] Creating Covariant SIFT CPU feature extractor
I20260622 20:46:31.598232 128671448821760 sift.cc:716] Creating Covariant SIFT CPU feature extractor
I20260622 20:46:31.598249 128671440429056 sift.cc:716] Creating Covariant SIFT CPU feature extractor
I20260622 20:46:31.598271 128671432036352 sift.cc:716] Creating Covariant SIFT CPU feature extractor
I20260622 20:46:31.598290 128671423643648 sift.cc:716] Creating Covariant SIFT CPU feature extractor
I20260622 20:46:31.598308 128671415250944 sift.cc:716] Creating Covariant SIFT CPU feature extractor
I20260622 20:46:31.599443 128671406858240 sift.cc:716] Creating Covariant SIFT CPU feature extractor
I20260622 20:46:31.599475 128671398465536 sift.cc:716] Creating Covariant SIFT CPU feature extractor
I20260622 20:46:31.599493 128671180386304 sift.cc:716] Creating Covariant SIFT CPU feature extractor
I20260622 20:46:31.599516 128671171993600 sift.cc:716] Creating Covariant SIFT CPU feature extractor
I20260622 20:46:31.599547 128671155208192 sift.cc:716] Creating Covariant SIFT CPU feature extractor
I20260622 20:46:31.599568 128671146815488 sift.cc:716] Creating Covariant SIFT CPU feature extractor
I20260622 20:46:31.599584 128671138422784 sift.cc:716] Creating Covariant SIFT CPU feature extractor
I20260622 20:46:31.599603 128671130030080 sift.cc:716] Creating Covariant SIFT CPU feature extractor
I20260622 20:46:31.601161 128671163600896 sift.cc:716] Creating Covariant SIFT CPU feature extractor
I20260622 20:46:31.602506 128671046168576 sift.cc:716] Creating Covariant SIFT CPU feature extractor
I20260622 20:46:31.602531 128671037775872 sift.cc:716] Creating Covariant SIFT CPU feature extractor
I20260622 20:46:31.602550 128671029383168 sift.cc:716] Creating Covariant SIFT CPU feature extractor
I20260622 20:46:31.602573 128671020990464 sift.cc:716] Creating Covariant SIFT CPU feature extractor
I20260622 20:46:31.602591 128671012597760 sift.cc:716] Creating Covariant SIFT CPU feature extractor
I20260622 20:46:31.602608 128671004205056 sift.cc:716] Creating Covariant SIFT CPU feature extractor
I20260622 20:46:31.602637 128670911950848 sift.cc:716] Creating Covariant SIFT CPU feature extractor
I20260622 20:46:31.602654 128670903558144 sift.cc:716] Creating Covariant SIFT CPU feature extractor
I20260622 20:46:31.602676 128670895165440 sift.cc:716] Creating Covariant SIFT CPU feature extractor
I20260622 20:46:31.602692 128670886772736 sift.cc:716] Creating Covariant SIFT CPU feature extractor
I20260622 20:46:31.604191 128670995812352 sift.cc:716] Creating Covariant SIFT CPU feature extractor
I20260622 20:46:31.605651 128670878380032 sift.cc:716] Creating Covariant SIFT CPU feature extractor
I20260622 20:46:31.605675 128670869987328 sift.cc:716] Creating Covariant SIFT CPU feature extractor
I20260622 20:46:31.605693 128670861594624 sift.cc:716] Creating Covariant SIFT CPU feature extractor
I20260622 20:46:31.605712 128670769340416 sift.cc:716] Creating Covariant SIFT CPU feature extractor
I20260622 20:46:31.605729 128670760947712 sift.cc:716] Creating Covariant SIFT CPU feature extractor
I20260622 20:46:31.605749 128670752555008 sift.cc:716] Creating Covariant SIFT CPU feature extractor
I20260622 20:46:31.607165 128670777733120 sift.cc:716] Creating Covariant SIFT CPU feature extractor
I20260622 20:46:31.608858 128670593159168 sift.cc:716] Creating Covariant SIFT CPU feature extractor
I20260622 20:46:31.608912 128670509297664 sift.cc:716] Creating Covariant SIFT CPU feature extractor
I20260622 20:46:31.609162 128670744162304 sift.cc:716] Creating Covariant SIFT CPU feature extractor
I20260622 20:46:31.609182 128670735769600 sift.cc:716] Creating Covariant SIFT CPU feature extractor
I20260622 20:46:31.609210 128670727376896 sift.cc:716] Creating Covariant SIFT CPU feature extractor
I20260622 20:46:31.609227 128670643515392 sift.cc:716] Creating Covariant SIFT CPU feature extractor
I20260622 20:46:31.609247 128670626729984 sift.cc:716] Creating Covariant SIFT CPU feature extractor
I20260622 20:46:31.609265 128670618337280 sift.cc:716] Creating Covariant SIFT CPU feature extractor
I20260622 20:46:31.609282 128670609944576 sift.cc:716] Creating Covariant SIFT CPU feature extractor
I20260622 20:46:31.609300 128670601551872 sift.cc:716] Creating Covariant SIFT CPU feature extractor
I20260622 20:46:31.609593 128670492512256 sift.cc:716] Creating Covariant SIFT CPU feature extractor
I20260622 20:46:31.610261 128670635122688 sift.cc:716] Creating Covariant SIFT CPU feature extractor
I20260622 20:46:31.611994 128670484119552 sift.cc:716] Creating Covariant SIFT CPU feature extractor
I20260622 20:46:31.612018 128670467334144 sift.cc:716] Creating Covariant SIFT CPU feature extractor
I20260622 20:46:31.612036 128670458941440 sift.cc:716] Creating Covariant SIFT CPU feature extractor
I20260622 20:46:31.612054 128667288072192 sift.cc:716] Creating Covariant SIFT CPU feature extractor
I20260622 20:46:31.612071 128667279679488 sift.cc:716] Creating Covariant SIFT CPU feature extractor
I20260622 20:46:31.612087 128667271286784 sift.cc:716] Creating Covariant SIFT CPU feature extractor
I20260622 20:46:31.612103 128667262894080 sift.cc:716] Creating Covariant SIFT CPU feature extractor
I20260622 20:46:31.612118 128667254501376 sift.cc:716] Creating Covariant SIFT CPU feature extractor
I20260622 20:46:31.612164 128670500904960 sift.cc:716] Creating Covariant SIFT CPU feature extractor
I20260622 20:46:31.613162 128670475726848 sift.cc:716] Creating Covariant SIFT CPU feature extractor
I20260622 20:46:31.615052 128667237715968 sift.cc:716] Creating Covariant SIFT CPU feature extractor
I20260622 20:46:31.615078 128666549874688 sift.cc:716] Creating Covariant SIFT CPU feature extractor
I20260622 20:46:31.615100 128666541481984 sift.cc:716] Creating Covariant SIFT CPU feature extractor
I20260622 20:46:31.615117 128666524696576 sift.cc:716] Creating Covariant SIFT CPU feature extractor
I20260622 20:46:31.615138 128666516303872 sift.cc:716] Creating Covariant SIFT CPU feature extractor
I20260622 20:46:31.615158 128666507911168 sift.cc:716] Creating Covariant SIFT CPU feature extractor
I20260622 20:46:31.615204 128666533089280 sift.cc:716] Creating Covariant SIFT CPU feature extractor
I20260622 20:46:31.615254 128666499518464 sift.cc:716] Creating Covariant SIFT CPU feature extractor
I20260622 20:46:31.615274 128666415656960 sift.cc:716] Creating Covariant SIFT CPU feature extractor
I20260622 20:46:31.615291 128666407264256 sift.cc:716] Creating Covariant SIFT CPU feature extractor
I20260622 20:46:31.615161 128667246108672 sift.cc:716] Creating Covariant SIFT CPU feature extractor
I20260622 20:46:31.616162 128666398871552 sift.cc:716] Creating Covariant SIFT CPU feature extractor
I20260622 20:46:31.618175 128666390478848 sift.cc:716] Creating Covariant SIFT CPU feature extractor
I20260622 20:46:31.618192 128666373693440 sift.cc:716] Creating Covariant SIFT CPU feature extractor
I20260622 20:46:31.618226 128665610350592 sift.cc:716] Creating Covariant SIFT CPU feature extractor
I20260622 20:46:31.618230 128666365300736 sift.cc:716] Creating Covariant SIFT CPU feature extractor
I20260622 20:46:31.618238 128665601957888 sift.cc:716] Creating Covariant SIFT CPU feature extractor
I20260622 20:46:31.618253 128665585172480 sift.cc:716] Creating Covariant SIFT CPU feature extractor
I20260622 20:46:31.618257 128665593565184 sift.cc:716] Creating Covariant SIFT CPU feature extractor
I20260622 20:46:31.618264 128665576779776 sift.cc:716] Creating Covariant SIFT CPU feature extractor
I20260622 20:46:31.618269 128665559994368 sift.cc:716] Creating Covariant SIFT CPU feature extractor
I20260622 20:46:31.618284 128665568387072 sift.cc:716] Creating Covariant SIFT CPU feature extractor
I20260622 20:46:31.618176 128666382086144 sift.cc:716] Creating Covariant SIFT CPU feature extractor
I20260622 20:46:31.621569 128665409024000 sift.cc:716] Creating Covariant SIFT CPU feature extractor
I20260622 20:46:31.621846 128665400631296 sift.cc:716] Creating Covariant SIFT CPU feature extractor
I20260622 20:46:31.622111 128665392238592 sift.cc:716] Creating Covariant SIFT CPU feature extractor
I20260622 20:46:31.622385 128665383845888 sift.cc:716] Creating Covariant SIFT CPU feature extractor
I20260622 20:46:31.622777 128665375453184 sift.cc:716] Creating Covariant SIFT CPU feature extractor
I20260622 20:46:31.623021 128665367060480 sift.cc:716] Creating Covariant SIFT CPU feature extractor
I20260622 20:46:31.623286 128665358667776 sift.cc:716] Creating Covariant SIFT CPU feature extractor
I20260622 20:46:31.623543 128664268173312 sift.cc:716] Creating Covariant SIFT CPU feature extractor
I20260622 20:46:31.623866 128664259780608 sift.cc:716] Creating Covariant SIFT CPU feature extractor
I20260622 20:46:31.624231 128664251387904 sift.cc:716] Creating Covariant SIFT CPU feature extractor
I20260622 20:46:31.624484 128664242995200 sift.cc:716] Creating Covariant SIFT CPU feature extractor
I20260622 20:46:31.624722 128664234602496 sift.cc:716] Creating Covariant SIFT CPU feature extractor
I20260622 20:46:31.624962 128664226209792 sift.cc:716] Creating Covariant SIFT CPU feature extractor
I20260622 20:46:31.628221 128664217817088 sift.cc:716] Creating Covariant SIFT CPU feature extractor
I20260622 20:46:31.628485 128663731302400 sift.cc:716] Creating Covariant SIFT CPU feature extractor
I20260622 20:46:31.628735 128663722909696 sift.cc:716] Creating Covariant SIFT CPU feature extractor
I20260622 20:46:31.628989 128663714516992 sift.cc:716] Creating Covariant SIFT CPU feature extractor
I20260622 20:46:31.629229 128663706124288 sift.cc:716] Creating Covariant SIFT CPU feature extractor
I20260622 20:46:31.629470 128663697731584 sift.cc:716] Creating Covariant SIFT CPU feature extractor
I20260622 20:46:31.629701 128663689338880 sift.cc:716] Creating Covariant SIFT CPU feature extractor
I20260622 20:46:31.629937 128663680946176 sift.cc:716] Creating Covariant SIFT CPU feature extractor
I20260622 20:46:31.630164 128663194431488 sift.cc:716] Creating Covariant SIFT CPU feature extractor
I20260622 20:46:31.630413 128663186038784 sift.cc:716] Creating Covariant SIFT CPU feature extractor
I20260622 20:46:31.630660 128663177646080 sift.cc:716] Creating Covariant SIFT CPU feature extractor
I20260622 20:46:31.630900 128663169253376 sift.cc:716] Creating Covariant SIFT CPU feature extractor
I20260622 20:46:31.631128 128663160860672 sift.cc:716] Creating Covariant SIFT CPU feature extractor
I20260622 20:46:31.634386 128663152467968 sift.cc:716] Creating Covariant SIFT CPU feature extractor
I20260622 20:46:31.634760 128663144075264 sift.cc:716] Creating Covariant SIFT CPU feature extractor
I20260622 20:46:31.635006 128662657560576 sift.cc:716] Creating Covariant SIFT CPU feature extractor
I20260622 20:46:31.635266 128662649167872 sift.cc:716] Creating Covariant SIFT CPU feature extractor
I20260622 20:46:31.635516 128662640775168 sift.cc:716] Creating Covariant SIFT CPU feature extractor
I20260622 20:46:31.635766 128662632382464 sift.cc:716] Creating Covariant SIFT CPU feature extractor
I20260622 20:46:31.636019 128662623989760 sift.cc:716] Creating Covariant SIFT CPU feature extractor
I20260622 20:46:31.636279 128662615597056 sift.cc:716] Creating Covariant SIFT CPU feature extractor
I20260622 20:46:31.636548 128662607204352 sift.cc:716] Creating Covariant SIFT CPU feature extractor
I20260622 20:46:31.636809 128662120689664 sift.cc:716] Creating Covariant SIFT CPU feature extractor
I20260622 20:46:31.637079 128662112296960 sift.cc:716] Creating Covariant SIFT CPU feature extractor
I20260622 20:46:31.640333 128662103904256 sift.cc:716] Creating Covariant SIFT CPU feature extractor
I20260622 20:46:31.640608 128662095511552 sift.cc:716] Creating Covariant SIFT CPU feature extractor
I20260622 20:46:31.640861 128662087118848 sift.cc:716] Creating Covariant SIFT CPU feature extractor
I20260622 20:46:31.641111 128662078726144 sift.cc:716] Creating Covariant SIFT CPU feature extractor
I20260622 20:46:31.641360 128662070333440 sift.cc:716] Creating Covariant SIFT CPU feature extractor
I20260622 20:46:31.641612 128661583818752 sift.cc:716] Creating Covariant SIFT CPU feature extractor
I20260622 20:46:31.641853 128661575426048 sift.cc:716] Creating Covariant SIFT CPU feature extractor
I20260622 20:46:31.642107 128661567033344 sift.cc:716] Creating Covariant SIFT CPU feature extractor
I20260622 20:46:31.642529 128661558640640 sift.cc:716] Creating Covariant SIFT CPU feature extractor
I20260622 20:46:31.642786 128661550247936 sift.cc:716] Creating Covariant SIFT CPU feature extractor
I20260622 20:46:31.643033 128661541855232 sift.cc:716] Creating Covariant SIFT CPU feature extractor
I20260622 20:46:31.646286 128661533462528 sift.cc:716] Creating Covariant SIFT CPU feature extractor
I20260622 20:46:31.646522 128661046947840 sift.cc:716] Creating Covariant SIFT CPU feature extractor
I20260622 20:46:31.646752 128661038555136 sift.cc:716] Creating Covariant SIFT CPU feature extractor
I20260622 20:46:31.646980 128661030162432 sift.cc:716] Creating Covariant SIFT CPU feature extractor
I20260622 20:46:31.647227 128661021769728 sift.cc:716] Creating Covariant SIFT CPU feature extractor
I20260622 20:46:31.647459 128661013377024 sift.cc:716] Creating Covariant SIFT CPU feature extractor
I20260622 20:46:31.647699 128661004984320 sift.cc:716] Creating Covariant SIFT CPU feature extractor
I20260622 20:46:31.647939 128660996591616 sift.cc:716] Creating Covariant SIFT CPU feature extractor
I20260622 20:46:31.648179 128660510076928 sift.cc:716] Creating Covariant SIFT CPU feature extractor
I20260622 20:46:31.648411 128660501684224 sift.cc:716] Creating Covariant SIFT CPU feature extractor
I20260622 20:46:31.648640 128660493291520 sift.cc:716] Creating Covariant SIFT CPU feature extractor
I20260622 20:46:31.648868 128660484898816 sift.cc:716] Creating Covariant SIFT CPU feature extractor
I20260622 20:46:31.649101 128660476506112 sift.cc:716] Creating Covariant SIFT CPU feature extractor
I20260622 20:46:31.651114 128660468113408 sift.cc:716] Creating Covariant SIFT CPU feature extractor
I20260622 20:46:31.651362 128660459720704 sift.cc:716] Creating Covariant SIFT CPU feature extractor
I20260622 20:46:31.651857 128659973206016 sift.cc:716] Creating Covariant SIFT CPU feature extractor
I20260622 20:46:31.652105 128659964813312 sift.cc:716] Creating Covariant SIFT CPU feature extractor
I20260622 20:46:31.652355 128659956420608 sift.cc:716] Creating Covariant SIFT CPU feature extractor
I20260622 20:46:31.652595 128659948027904 sift.cc:716] Creating Covariant SIFT CPU feature extractor
I20260622 20:46:31.652838 128659939635200 sift.cc:716] Creating Covariant SIFT CPU feature extractor
I20260622 20:46:31.653082 128659931242496 sift.cc:716] Creating Covariant SIFT CPU feature extractor
I20260622 20:46:31.653346 128659922849792 sift.cc:716] Creating Covariant SIFT CPU feature extractor
I20260622 20:46:31.653596 128659436335104 sift.cc:716] Creating Covariant SIFT CPU feature extractor
I20260622 20:46:31.653844 128659427942400 sift.cc:716] Creating Covariant SIFT CPU feature extractor
I20260622 20:46:31.654104 128659419549696 sift.cc:716] Creating Covariant SIFT CPU feature extractor
I20260622 20:46:31.654351 128659411156992 sift.cc:716] Creating Covariant SIFT CPU feature extractor
I20260622 20:46:31.654604 128659402764288 sift.cc:716] Creating Covariant SIFT CPU feature extractor
I20260622 20:46:31.654843 128659394371584 sift.cc:716] Creating Covariant SIFT CPU feature extractor
I20260622 20:46:31.655079 128659385978880 sift.cc:716] Creating Covariant SIFT CPU feature extractor
I20260622 20:46:31.655313 128658899464192 sift.cc:716] Creating Covariant SIFT CPU feature extractor
I20260622 20:46:31.655539 128658891071488 sift.cc:716] Creating Covariant SIFT CPU feature extractor
I20260622 20:46:31.655756 128658882678784 sift.cc:716] Creating Covariant SIFT CPU feature extractor
I20260622 20:46:31.655986 128658874286080 sift.cc:716] Creating Covariant SIFT CPU feature extractor
I20260622 20:46:31.656350 128658865893376 sift.cc:716] Creating Covariant SIFT CPU feature extractor
I20260622 20:46:31.656594 128658857500672 sift.cc:716] Creating Covariant SIFT CPU feature extractor
I20260622 20:46:31.656820 128658849107968 sift.cc:716] Creating Covariant SIFT CPU feature extractor
I20260622 20:46:31.657052 128658362593280 sift.cc:716] Creating Covariant SIFT CPU feature extractor
I20260622 20:46:31.657284 128658354200576 sift.cc:716] Creating Covariant SIFT CPU feature extractor
I20260622 20:46:31.657530 128658345807872 sift.cc:716] Creating Covariant SIFT CPU feature extractor
I20260622 20:46:31.657761 128658337415168 sift.cc:716] Creating Covariant SIFT CPU feature extractor
I20260622 20:46:31.658008 128658329022464 sift.cc:716] Creating Covariant SIFT CPU feature extractor
I20260622 20:46:31.658248 128658320629760 sift.cc:716] Creating Covariant SIFT CPU feature extractor
I20260622 20:46:31.658494 128658312237056 sift.cc:716] Creating Covariant SIFT CPU feature extractor
I20260622 20:46:31.658722 128657825722368 sift.cc:716] Creating Covariant SIFT CPU feature extractor
I20260622 20:46:31.658963 128657817329664 sift.cc:716] Creating Covariant SIFT CPU feature extractor
I20260622 20:46:31.659199 128657808936960 sift.cc:716] Creating Covariant SIFT CPU feature extractor
I20260622 20:46:31.659445 128657800544256 sift.cc:716] Creating Covariant SIFT CPU feature extractor
I20260622 20:46:31.659678 128657792151552 sift.cc:716] Creating Covariant SIFT CPU feature extractor
I20260622 20:46:31.659913 128657783758848 sift.cc:716] Creating Covariant SIFT CPU feature extractor
I20260622 20:46:31.660154 128657775366144 sift.cc:716] Creating Covariant SIFT CPU feature extractor
I20260622 20:46:31.660396 128657288851456 sift.cc:716] Creating Covariant SIFT CPU feature extractor
I20260622 20:46:31.660760 128657280458752 sift.cc:716] Creating Covariant SIFT CPU feature extractor
I20260622 20:46:31.660987 128657272066048 sift.cc:716] Creating Covariant SIFT CPU feature extractor
I20260622 20:46:31.661241 128657263673344 sift.cc:716] Creating Covariant SIFT CPU feature extractor
I20260622 20:46:31.661477 128657255280640 sift.cc:716] Creating Covariant SIFT CPU feature extractor
I20260622 20:46:31.661698 128657246887936 sift.cc:716] Creating Covariant SIFT CPU feature extractor
I20260622 20:46:31.661930 128657238495232 sift.cc:716] Creating Covariant SIFT CPU feature extractor
I20260622 20:46:31.662163 128656751980544 sift.cc:716] Creating Covariant SIFT CPU feature extractor
I20260622 20:46:31.662399 128656743587840 sift.cc:716] Creating Covariant SIFT CPU feature extractor
I20260622 20:46:31.662624 128656735195136 sift.cc:716] Creating Covariant SIFT CPU feature extractor
I20260622 20:46:31.662860 128656726802432 sift.cc:716] Creating Covariant SIFT CPU feature extractor
I20260622 20:46:31.663082 128656718409728 sift.cc:716] Creating Covariant SIFT CPU feature extractor
I20260622 20:46:31.663333 128656710017024 sift.cc:716] Creating Covariant SIFT CPU feature extractor
I20260622 20:46:31.663565 128656701624320 sift.cc:716] Creating Covariant SIFT CPU feature extractor
I20260622 20:47:22.950194 128656215109632 feature_extraction.cc:260] Processed file [1/12]
I20260622 20:47:22.950260 128656215109632 feature_extraction.cc:263]   Name:            DSC07957.JPG
I20260622 20:47:22.950264 128656215109632 feature_extraction.cc:272]   Dimensions:      5187 x 3361
I20260622 20:47:22.950267 128656215109632 feature_extraction.cc:275]   Camera:          #1 - SIMPLE_RADIAL
I20260622 20:47:22.950271 128656215109632 feature_extraction.cc:278]   Focal Length:    6224.40px
I20260622 20:47:22.950284 128656215109632 feature_extraction.cc:282]   Features:        37925 (SIFT)
I20260622 20:47:27.078589 128656215109632 feature_extraction.cc:260] Processed file [2/12]
I20260622 20:47:27.078629 128656215109632 feature_extraction.cc:263]   Name:            DSC07990.JPG
I20260622 20:47:27.078634 128656215109632 feature_extraction.cc:272]   Dimensions:      5187 x 3361
I20260622 20:47:27.078636 128656215109632 feature_extraction.cc:275]   Camera:          #3 - SIMPLE_RADIAL
I20260622 20:47:27.078640 128656215109632 feature_extraction.cc:278]   Focal Length:    6224.40px
I20260622 20:47:27.078649 128656215109632 feature_extraction.cc:282]   Features:        38947 (SIFT)
I20260622 20:47:28.764111 128656215109632 feature_extraction.cc:260] Processed file [3/12]
I20260622 20:47:28.764170 128656215109632 feature_extraction.cc:263]   Name:            DSC08139.JPG
I20260622 20:47:28.764174 128656215109632 feature_extraction.cc:272]   Dimensions:      5187 x 3361
I20260622 20:47:28.764177 128656215109632 feature_extraction.cc:275]   Camera:          #12 - SIMPLE_RADIAL
I20260622 20:47:28.764180 128656215109632 feature_extraction.cc:278]   Focal Length:    6224.40px
I20260622 20:47:28.764189 128656215109632 feature_extraction.cc:282]   Features:        34537 (SIFT)
I20260622 20:47:30.297172 128656215109632 feature_extraction.cc:260] Processed file [4/12]
I20260622 20:47:30.297220 128656215109632 feature_extraction.cc:263]   Name:            DSC08089.JPG
I20260622 20:47:30.297224 128656215109632 feature_extraction.cc:272]   Dimensions:      5187 x 3361
I20260622 20:47:30.297227 128656215109632 feature_extraction.cc:275]   Camera:          #9 - SIMPLE_RADIAL
I20260622 20:47:30.297230 128656215109632 feature_extraction.cc:278]   Focal Length:    6224.40px
I20260622 20:47:30.297240 128656215109632 feature_extraction.cc:282]   Features:        36752 (SIFT)
I20260622 20:47:30.765861 128656215109632 feature_extraction.cc:260] Processed file [5/12]
I20260622 20:47:30.765899 128656215109632 feature_extraction.cc:263]   Name:            DSC08023.JPG
I20260622 20:47:30.765904 128656215109632 feature_extraction.cc:272]   Dimensions:      5187 x 3361
I20260622 20:47:30.765906 128656215109632 feature_extraction.cc:275]   Camera:          #5 - SIMPLE_RADIAL
I20260622 20:47:30.765910 128656215109632 feature_extraction.cc:278]   Focal Length:    6224.40px
I20260622 20:47:30.765920 128656215109632 feature_extraction.cc:282]   Features:        36724 (SIFT)
I20260622 20:47:32.754856 128656215109632 feature_extraction.cc:260] Processed file [6/12]
I20260622 20:47:32.754908 128656215109632 feature_extraction.cc:263]   Name:            DSC08040.JPG
I20260622 20:47:32.754911 128656215109632 feature_extraction.cc:272]   Dimensions:      5187 x 3361
I20260622 20:47:32.754914 128656215109632 feature_extraction.cc:275]   Camera:          #6 - SIMPLE_RADIAL
I20260622 20:47:32.754928 128656215109632 feature_extraction.cc:278]   Focal Length:    6224.40px
I20260622 20:47:32.754937 128656215109632 feature_extraction.cc:282]   Features:        56130 (SIFT)
I20260622 20:47:32.871699 128656215109632 feature_extraction.cc:260] Processed file [7/12]
I20260622 20:47:32.871726 128656215109632 feature_extraction.cc:263]   Name:            DSC08056.JPG
I20260622 20:47:32.871728 128656215109632 feature_extraction.cc:272]   Dimensions:      5187 x 3361
I20260622 20:47:32.871730 128656215109632 feature_extraction.cc:275]   Camera:          #7 - SIMPLE_RADIAL
I20260622 20:47:32.871733 128656215109632 feature_extraction.cc:278]   Focal Length:    6224.40px
I20260622 20:47:32.871743 128656215109632 feature_extraction.cc:282]   Features:        35638 (SIFT)
I20260622 20:47:33.502161 128656215109632 feature_extraction.cc:260] Processed file [8/12]
I20260622 20:47:33.502187 128656215109632 feature_extraction.cc:263]   Name:            DSC08007.JPG
I20260622 20:47:33.502190 128656215109632 feature_extraction.cc:272]   Dimensions:      5187 x 3361
I20260622 20:47:33.502192 128656215109632 feature_extraction.cc:275]   Camera:          #4 - SIMPLE_RADIAL
I20260622 20:47:33.502195 128656215109632 feature_extraction.cc:278]   Focal Length:    6224.40px
I20260622 20:47:33.502203 128656215109632 feature_extraction.cc:282]   Features:        35112 (SIFT)
I20260622 20:47:36.198676 128656215109632 feature_extraction.cc:260] Processed file [9/12]
I20260622 20:47:36.198706 128656215109632 feature_extraction.cc:263]   Name:            DSC07974.JPG
I20260622 20:47:36.198710 128656215109632 feature_extraction.cc:272]   Dimensions:      5187 x 3361
I20260622 20:47:36.198712 128656215109632 feature_extraction.cc:275]   Camera:          #2 - SIMPLE_RADIAL
I20260622 20:47:36.198715 128656215109632 feature_extraction.cc:278]   Focal Length:    6224.40px
I20260622 20:47:36.198723 128656215109632 feature_extraction.cc:282]   Features:        55385 (SIFT)
I20260622 20:47:37.626286 128656215109632 feature_extraction.cc:260] Processed file [10/12]
I20260622 20:47:37.626311 128656215109632 feature_extraction.cc:263]   Name:            DSC08073.JPG
I20260622 20:47:37.626314 128656215109632 feature_extraction.cc:272]   Dimensions:      5187 x 3361
I20260622 20:47:37.626316 128656215109632 feature_extraction.cc:275]   Camera:          #8 - SIMPLE_RADIAL
I20260622 20:47:37.626319 128656215109632 feature_extraction.cc:278]   Focal Length:    6224.40px
I20260622 20:47:37.626326 128656215109632 feature_extraction.cc:282]   Features:        59112 (SIFT)
I20260622 20:47:39.148878 128656215109632 feature_extraction.cc:260] Processed file [11/12]
I20260622 20:47:39.148911 128656215109632 feature_extraction.cc:263]   Name:            DSC08122.JPG
I20260622 20:47:39.148914 128656215109632 feature_extraction.cc:272]   Dimensions:      5187 x 3361
I20260622 20:47:39.148916 128656215109632 feature_extraction.cc:275]   Camera:          #11 - SIMPLE_RADIAL
I20260622 20:47:39.148919 128656215109632 feature_extraction.cc:278]   Focal Length:    6224.40px
I20260622 20:47:39.148926 128656215109632 feature_extraction.cc:282]   Features:        43211 (SIFT)
I20260622 20:47:39.999831 128656215109632 feature_extraction.cc:260] Processed file [12/12]
I20260622 20:47:39.999858 128656215109632 feature_extraction.cc:263]   Name:            DSC08106.JPG
I20260622 20:47:39.999861 128656215109632 feature_extraction.cc:272]   Dimensions:      5187 x 3361
I20260622 20:47:39.999863 128656215109632 feature_extraction.cc:275]   Camera:          #10 - SIMPLE_RADIAL
I20260622 20:47:39.999866 128656215109632 feature_extraction.cc:278]   Focal Length:    6224.40px
I20260622 20:47:39.999871 128656215109632 feature_extraction.cc:282]   Features:        56303 (SIFT)
I20260622 20:47:40.020790 128673919238144 timer.cc:90] Elapsed time: 1.141 [minutes]
I20260622 20:47:40.206868 129076946280448 misc.cc:44] 
==============================================================================
Feature matching & geometric verification
==============================================================================
I20260622 20:47:40.567450 129076937887744 feature_matching_utils.cc:78] Bind FeatureMatcherWorker to GPU device 0
I20260622 20:47:40.567450 129066182406144 feature_matching_utils.cc:78] Bind FeatureMatcherWorker to GPU device 0
I20260622 20:47:40.567632 129076937887744 sift.cc:1446] Creating SIFT GPU feature matcher
I20260622 20:47:40.567633 129066182406144 sift.cc:1446] Creating SIFT GPU feature matcher
I20260622 20:47:40.571581 129076946280448 pairing.cc:180] Generating exhaustive image pairs...
I20260622 20:47:40.571613 129076946280448 pairing.cc:213] Processing block [1/1, 1/1]
W20260622 20:47:40.590295 129076937887744 sift.cc:1422] Clamping features from 37925 to 32768 - consider increasing the maximum number of matches.
W20260622 20:47:40.591177 129076937887744 sift.cc:1422] Clamping features from 38947 to 32768 - consider increasing the maximum number of matches.
W20260622 20:47:41.920232 129076937887744 sift.cc:1422] Clamping features from 34537 to 32768 - consider increasing the maximum number of matches.
W20260622 20:47:41.940801 129076937887744 sift.cc:1422] Clamping features from 36752 to 32768 - consider increasing the maximum number of matches.
W20260622 20:47:41.948884 129066182406144 sift.cc:1422] Clamping features from 37925 to 32768 - consider increasing the maximum number of matches.
W20260622 20:47:41.957438 129066182406144 sift.cc:1422] Clamping features from 34537 to 32768 - consider increasing the maximum number of matches.
W20260622 20:47:41.961607 129076937887744 sift.cc:1422] Clamping features from 36724 to 32768 - consider increasing the maximum number of matches.
W20260622 20:47:41.971312 129066182406144 sift.cc:1422] Clamping features from 36752 to 32768 - consider increasing the maximum number of matches.
W20260622 20:47:41.998647 129076937887744 sift.cc:1422] Clamping features from 56130 to 32768 - consider increasing the maximum number of matches.
W20260622 20:47:42.018873 129076937887744 sift.cc:1422] Clamping features from 35638 to 32768 - consider increasing the maximum number of matches.
W20260622 20:47:42.018887 129066182406144 sift.cc:1422] Clamping features from 56130 to 32768 - consider increasing the maximum number of matches.
W20260622 20:47:42.034038 129066182406144 sift.cc:1422] Clamping features from 38947 to 32768 - consider increasing the maximum number of matches.
W20260622 20:47:42.039162 129076937887744 sift.cc:1422] Clamping features from 35112 to 32768 - consider increasing the maximum number of matches.
W20260622 20:47:42.074603 129076937887744 sift.cc:1422] Clamping features from 55385 to 32768 - consider increasing the maximum number of matches.
W20260622 20:47:42.074614 129066182406144 sift.cc:1422] Clamping features from 36724 to 32768 - consider increasing the maximum number of matches.
W20260622 20:47:42.102507 129076937887744 sift.cc:1422] Clamping features from 59112 to 32768 - consider increasing the maximum number of matches.
W20260622 20:47:42.102667 129066182406144 sift.cc:1422] Clamping features from 35112 to 32768 - consider increasing the maximum number of matches.
W20260622 20:47:42.118952 129066182406144 sift.cc:1422] Clamping features from 35638 to 32768 - consider increasing the maximum number of matches.
W20260622 20:47:42.122793 129076937887744 sift.cc:1422] Clamping features from 43211 to 32768 - consider increasing the maximum number of matches.
W20260622 20:47:42.132394 129066182406144 sift.cc:1422] Clamping features from 55385 to 32768 - consider increasing the maximum number of matches.
W20260622 20:47:42.147934 129066182406144 sift.cc:1422] Clamping features from 59112 to 32768 - consider increasing the maximum number of matches.
W20260622 20:47:42.159264 129076937887744 sift.cc:1422] Clamping features from 56303 to 32768 - consider increasing the maximum number of matches.
W20260622 20:47:42.161183 129066182406144 sift.cc:1422] Clamping features from 43211 to 32768 - consider increasing the maximum number of matches.
W20260622 20:47:42.176865 129076937887744 sift.cc:1422] Clamping features from 38947 to 32768 - consider increasing the maximum number of matches.
W20260622 20:47:42.189081 129076937887744 sift.cc:1422] Clamping features from 34537 to 32768 - consider increasing the maximum number of matches.
W20260622 20:47:42.189206 129066182406144 sift.cc:1422] Clamping features from 56303 to 32768 - consider increasing the maximum number of matches.
W20260622 20:47:42.204260 129076937887744 sift.cc:1422] Clamping features from 36752 to 32768 - consider increasing the maximum number of matches.
W20260622 20:47:42.215819 129066182406144 sift.cc:1422] Clamping features from 38947 to 32768 - consider increasing the maximum number of matches.
W20260622 20:47:42.231282 129066182406144 sift.cc:1422] Clamping features from 34537 to 32768 - consider increasing the maximum number of matches.
W20260622 20:47:42.231321 129076937887744 sift.cc:1422] Clamping features from 36724 to 32768 - consider increasing the maximum number of matches.
W20260622 20:47:42.246888 129076937887744 sift.cc:1422] Clamping features from 56130 to 32768 - consider increasing the maximum number of matches.
W20260622 20:47:42.259982 129066182406144 sift.cc:1422] Clamping features from 36752 to 32768 - consider increasing the maximum number of matches.
W20260622 20:47:42.273982 129076937887744 sift.cc:1422] Clamping features from 35638 to 32768 - consider increasing the maximum number of matches.
W20260622 20:47:42.289358 129076937887744 sift.cc:1422] Clamping features from 35112 to 32768 - consider increasing the maximum number of matches.
W20260622 20:47:42.303064 129066182406144 sift.cc:1422] Clamping features from 56130 to 32768 - consider increasing the maximum number of matches.
W20260622 20:47:42.318414 129076937887744 sift.cc:1422] Clamping features from 55385 to 32768 - consider increasing the maximum number of matches.
W20260622 20:47:42.331078 129066182406144 sift.cc:1422] Clamping features from 35112 to 32768 - consider increasing the maximum number of matches.
W20260622 20:47:42.346483 129076937887744 sift.cc:1422] Clamping features from 59112 to 32768 - consider increasing the maximum number of matches.
W20260622 20:47:42.359774 129066182406144 sift.cc:1422] Clamping features from 36724 to 32768 - consider increasing the maximum number of matches.
W20260622 20:47:42.374402 129076937887744 sift.cc:1422] Clamping features from 43211 to 32768 - consider increasing the maximum number of matches.
W20260622 20:47:42.396138 129076937887744 sift.cc:1422] Clamping features from 56303 to 32768 - consider increasing the maximum number of matches.
W20260622 20:47:42.400834 129066182406144 sift.cc:1422] Clamping features from 55385 to 32768 - consider increasing the maximum number of matches.
W20260622 20:47:42.416529 129066182406144 sift.cc:1422] Clamping features from 35638 to 32768 - consider increasing the maximum number of matches.
W20260622 20:47:42.416606 129076937887744 sift.cc:1422] Clamping features from 34537 to 32768 - consider increasing the maximum number of matches.
W20260622 20:47:42.417934 129076937887744 sift.cc:1422] Clamping features from 36752 to 32768 - consider increasing the maximum number of matches.
W20260622 20:47:42.431167 129066182406144 sift.cc:1422] Clamping features from 59112 to 32768 - consider increasing the maximum number of matches.
W20260622 20:47:42.445868 129076937887744 sift.cc:1422] Clamping features from 36724 to 32768 - consider increasing the maximum number of matches.
W20260622 20:47:42.458845 129066182406144 sift.cc:1422] Clamping features from 43211 to 32768 - consider increasing the maximum number of matches.
W20260622 20:47:42.473204 129076937887744 sift.cc:1422] Clamping features from 56130 to 32768 - consider increasing the maximum number of matches.
W20260622 20:47:42.485014 129066182406144 sift.cc:1422] Clamping features from 56303 to 32768 - consider increasing the maximum number of matches.
W20260622 20:47:42.500424 129076937887744 sift.cc:1422] Clamping features from 35638 to 32768 - consider increasing the maximum number of matches.
W20260622 20:47:42.512679 129066182406144 sift.cc:1422] Clamping features from 34537 to 32768 - consider increasing the maximum number of matches.
W20260622 20:47:42.526730 129076937887744 sift.cc:1422] Clamping features from 35112 to 32768 - consider increasing the maximum number of matches.
W20260622 20:47:42.528042 129066182406144 sift.cc:1422] Clamping features from 36752 to 32768 - consider increasing the maximum number of matches.
W20260622 20:47:42.543919 129076937887744 sift.cc:1422] Clamping features from 55385 to 32768 - consider increasing the maximum number of matches.
W20260622 20:47:42.556670 129066182406144 sift.cc:1422] Clamping features from 36724 to 32768 - consider increasing the maximum number of matches.
W20260622 20:47:42.570350 129076937887744 sift.cc:1422] Clamping features from 59112 to 32768 - consider increasing the maximum number of matches.
W20260622 20:47:42.594019 129076937887744 sift.cc:1422] Clamping features from 43211 to 32768 - consider increasing the maximum number of matches.
W20260622 20:47:42.598688 129066182406144 sift.cc:1422] Clamping features from 56130 to 32768 - consider increasing the maximum number of matches.
W20260622 20:47:42.614303 129076937887744 sift.cc:1422] Clamping features from 56303 to 32768 - consider increasing the maximum number of matches.
W20260622 20:47:42.627543 129066182406144 sift.cc:1422] Clamping features from 35638 to 32768 - consider increasing the maximum number of matches.
W20260622 20:47:42.642260 129076937887744 sift.cc:1422] Clamping features from 36752 to 32768 - consider increasing the maximum number of matches.
W20260622 20:47:42.642932 129076937887744 sift.cc:1422] Clamping features from 36724 to 32768 - consider increasing the maximum number of matches.
W20260622 20:47:42.656019 129066182406144 sift.cc:1422] Clamping features from 35112 to 32768 - consider increasing the maximum number of matches.
W20260622 20:47:42.670000 129076937887744 sift.cc:1422] Clamping features from 56130 to 32768 - consider increasing the maximum number of matches.
W20260622 20:47:42.693487 129076937887744 sift.cc:1422] Clamping features from 35638 to 32768 - consider increasing the maximum number of matches.
W20260622 20:47:42.698778 129066182406144 sift.cc:1422] Clamping features from 55385 to 32768 - consider increasing the maximum number of matches.
W20260622 20:47:42.713748 129076937887744 sift.cc:1422] Clamping features from 35112 to 32768 - consider increasing the maximum number of matches.
W20260622 20:47:42.726557 129066182406144 sift.cc:1422] Clamping features from 59112 to 32768 - consider increasing the maximum number of matches.
W20260622 20:47:42.741177 129076937887744 sift.cc:1422] Clamping features from 55385 to 32768 - consider increasing the maximum number of matches.
W20260622 20:47:42.753949 129066182406144 sift.cc:1422] Clamping features from 43211 to 32768 - consider increasing the maximum number of matches.
W20260622 20:47:42.768713 129076937887744 sift.cc:1422] Clamping features from 59112 to 32768 - consider increasing the maximum number of matches.
W20260622 20:47:42.782439 129066182406144 sift.cc:1422] Clamping features from 56303 to 32768 - consider increasing the maximum number of matches.
W20260622 20:47:42.797103 129076937887744 sift.cc:1422] Clamping features from 43211 to 32768 - consider increasing the maximum number of matches.
W20260622 20:47:42.823476 129066182406144 sift.cc:1422] Clamping features from 36752 to 32768 - consider increasing the maximum number of matches.
W20260622 20:47:42.823564 129076937887744 sift.cc:1422] Clamping features from 56303 to 32768 - consider increasing the maximum number of matches.
W20260622 20:47:42.824850 129066182406144 sift.cc:1422] Clamping features from 36724 to 32768 - consider increasing the maximum number of matches.
W20260622 20:47:42.839506 129076937887744 sift.cc:1422] Clamping features from 36724 to 32768 - consider increasing the maximum number of matches.
W20260622 20:47:42.852776 129076937887744 sift.cc:1422] Clamping features from 56130 to 32768 - consider increasing the maximum number of matches.
W20260622 20:47:42.852897 129066182406144 sift.cc:1422] Clamping features from 56130 to 32768 - consider increasing the maximum number of matches.
W20260622 20:47:42.868387 129076937887744 sift.cc:1422] Clamping features from 35638 to 32768 - consider increasing the maximum number of matches.
W20260622 20:47:42.881879 129066182406144 sift.cc:1422] Clamping features from 35638 to 32768 - consider increasing the maximum number of matches.
W20260622 20:47:42.896625 129076937887744 sift.cc:1422] Clamping features from 35112 to 32768 - consider increasing the maximum number of matches.
W20260622 20:47:42.909397 129066182406144 sift.cc:1422] Clamping features from 35112 to 32768 - consider increasing the maximum number of matches.
W20260622 20:47:42.923612 129076937887744 sift.cc:1422] Clamping features from 55385 to 32768 - consider increasing the maximum number of matches.
W20260622 20:47:42.949920 129076937887744 sift.cc:1422] Clamping features from 59112 to 32768 - consider increasing the maximum number of matches.
W20260622 20:47:42.949980 129066182406144 sift.cc:1422] Clamping features from 55385 to 32768 - consider increasing the maximum number of matches.
W20260622 20:47:42.965426 129076937887744 sift.cc:1422] Clamping features from 43211 to 32768 - consider increasing the maximum number of matches.
W20260622 20:47:42.976611 129066182406144 sift.cc:1422] Clamping features from 59112 to 32768 - consider increasing the maximum number of matches.
W20260622 20:47:42.990283 129076937887744 sift.cc:1422] Clamping features from 56303 to 32768 - consider increasing the maximum number of matches.
W20260622 20:47:43.005299 129076937887744 sift.cc:1422] Clamping features from 56130 to 32768 - consider increasing the maximum number of matches.
W20260622 20:47:43.017573 129066182406144 sift.cc:1422] Clamping features from 56303 to 32768 - consider increasing the maximum number of matches.
W20260622 20:47:43.018173 129076937887744 sift.cc:1422] Clamping features from 35638 to 32768 - consider increasing the maximum number of matches.
W20260622 20:47:43.034773 129076937887744 sift.cc:1422] Clamping features from 35112 to 32768 - consider increasing the maximum number of matches.
W20260622 20:47:43.046799 129066182406144 sift.cc:1422] Clamping features from 43211 to 32768 - consider increasing the maximum number of matches.
W20260622 20:47:43.062182 129076937887744 sift.cc:1422] Clamping features from 55385 to 32768 - consider increasing the maximum number of matches.
W20260622 20:47:43.073420 129066182406144 sift.cc:1422] Clamping features from 36724 to 32768 - consider increasing the maximum number of matches.
W20260622 20:47:43.088740 129066182406144 sift.cc:1422] Clamping features from 56130 to 32768 - consider increasing the maximum number of matches.
W20260622 20:47:43.088791 129076937887744 sift.cc:1422] Clamping features from 59112 to 32768 - consider increasing the maximum number of matches.
W20260622 20:47:43.104562 129076937887744 sift.cc:1422] Clamping features from 43211 to 32768 - consider increasing the maximum number of matches.
W20260622 20:47:43.117217 129066182406144 sift.cc:1422] Clamping features from 35638 to 32768 - consider increasing the maximum number of matches.
W20260622 20:47:43.132499 129076937887744 sift.cc:1422] Clamping features from 56303 to 32768 - consider increasing the maximum number of matches.
W20260622 20:47:43.145875 129066182406144 sift.cc:1422] Clamping features from 35112 to 32768 - consider increasing the maximum number of matches.
W20260622 20:47:43.160125 129076937887744 sift.cc:1422] Clamping features from 35638 to 32768 - consider increasing the maximum number of matches.
W20260622 20:47:43.161418 129076937887744 sift.cc:1422] Clamping features from 35112 to 32768 - consider increasing the maximum number of matches.
W20260622 20:47:43.174365 129066182406144 sift.cc:1422] Clamping features from 55385 to 32768 - consider increasing the maximum number of matches.
W20260622 20:47:43.188435 129076937887744 sift.cc:1422] Clamping features from 55385 to 32768 - consider increasing the maximum number of matches.
W20260622 20:47:43.203842 129076937887744 sift.cc:1422] Clamping features from 59112 to 32768 - consider increasing the maximum number of matches.
W20260622 20:47:43.216478 129066182406144 sift.cc:1422] Clamping features from 59112 to 32768 - consider increasing the maximum number of matches.
W20260622 20:47:43.231847 129076937887744 sift.cc:1422] Clamping features from 43211 to 32768 - consider increasing the maximum number of matches.
W20260622 20:47:43.244867 129066182406144 sift.cc:1422] Clamping features from 43211 to 32768 - consider increasing the maximum number of matches.
W20260622 20:47:43.258511 129076937887744 sift.cc:1422] Clamping features from 56303 to 32768 - consider increasing the maximum number of matches.
W20260622 20:47:43.286181 129066182406144 sift.cc:1422] Clamping features from 56303 to 32768 - consider increasing the maximum number of matches.
W20260622 20:47:43.286213 129076937887744 sift.cc:1422] Clamping features from 35112 to 32768 - consider increasing the maximum number of matches.
W20260622 20:47:43.287496 129076937887744 sift.cc:1422] Clamping features from 55385 to 32768 - consider increasing the maximum number of matches.
W20260622 20:47:43.299490 129066182406144 sift.cc:1422] Clamping features from 56130 to 32768 - consider increasing the maximum number of matches.
W20260622 20:47:43.313577 129076937887744 sift.cc:1422] Clamping features from 59112 to 32768 - consider increasing the maximum number of matches.
W20260622 20:47:43.314844 129066182406144 sift.cc:1422] Clamping features from 35638 to 32768 - consider increasing the maximum number of matches.
W20260622 20:47:43.329418 129076937887744 sift.cc:1422] Clamping features from 43211 to 32768 - consider increasing the maximum number of matches.
W20260622 20:47:43.345050 129076937887744 sift.cc:1422] Clamping features from 56303 to 32768 - consider increasing the maximum number of matches.
W20260622 20:47:43.357537 129066182406144 sift.cc:1422] Clamping features from 55385 to 32768 - consider increasing the maximum number of matches.
W20260622 20:47:43.372496 129076937887744 sift.cc:1422] Clamping features from 55385 to 32768 - consider increasing the maximum number of matches.
W20260622 20:47:43.381022 129076937887744 sift.cc:1422] Clamping features from 59112 to 32768 - consider increasing the maximum number of matches.
W20260622 20:47:43.386968 129066182406144 sift.cc:1422] Clamping features from 35112 to 32768 - consider increasing the maximum number of matches.
W20260622 20:47:43.401638 129076937887744 sift.cc:1422] Clamping features from 43211 to 32768 - consider increasing the maximum number of matches.
W20260622 20:47:43.415139 129066182406144 sift.cc:1422] Clamping features from 59112 to 32768 - consider increasing the maximum number of matches.
W20260622 20:47:43.429074 129076937887744 sift.cc:1422] Clamping features from 56303 to 32768 - consider increasing the maximum number of matches.
W20260622 20:47:43.444537 129076937887744 sift.cc:1422] Clamping features from 59112 to 32768 - consider increasing the maximum number of matches.
W20260622 20:47:43.455724 129066182406144 sift.cc:1422] Clamping features from 43211 to 32768 - consider increasing the maximum number of matches.
W20260622 20:47:43.456260 129076937887744 sift.cc:1422] Clamping features from 43211 to 32768 - consider increasing the maximum number of matches.
W20260622 20:47:43.471554 129076937887744 sift.cc:1422] Clamping features from 56303 to 32768 - consider increasing the maximum number of matches.
W20260622 20:47:43.483467 129066182406144 sift.cc:1422] Clamping features from 56303 to 32768 - consider increasing the maximum number of matches.
W20260622 20:47:43.498919 129076937887744 sift.cc:1422] Clamping features from 43211 to 32768 - consider increasing the maximum number of matches.
W20260622 20:47:43.512095 129066182406144 sift.cc:1422] Clamping features from 35638 to 32768 - consider increasing the maximum number of matches.
W20260622 20:47:43.527403 129066182406144 sift.cc:1422] Clamping features from 35112 to 32768 - consider increasing the maximum number of matches.
W20260622 20:47:43.540091 129066182406144 sift.cc:1422] Clamping features from 55385 to 32768 - consider increasing the maximum number of matches.
W20260622 20:47:43.553396 129066182406144 sift.cc:1422] Clamping features from 59112 to 32768 - consider increasing the maximum number of matches.
W20260622 20:47:43.566457 129066182406144 sift.cc:1422] Clamping features from 43211 to 32768 - consider increasing the maximum number of matches.
W20260622 20:47:43.580057 129066182406144 sift.cc:1422] Clamping features from 56303 to 32768 - consider increasing the maximum number of matches.
W20260622 20:47:43.591953 129066182406144 sift.cc:1422] Clamping features from 35112 to 32768 - consider increasing the maximum number of matches.
W20260622 20:47:43.592702 129066182406144 sift.cc:1422] Clamping features from 59112 to 32768 - consider increasing the maximum number of matches.
W20260622 20:47:43.605477 129066182406144 sift.cc:1422] Clamping features from 55385 to 32768 - consider increasing the maximum number of matches.
W20260622 20:47:43.619398 129066182406144 sift.cc:1422] Clamping features from 43211 to 32768 - consider increasing the maximum number of matches.
W20260622 20:47:43.632290 129066182406144 sift.cc:1422] Clamping features from 56303 to 32768 - consider increasing the maximum number of matches.
W20260622 20:47:43.633028 129066182406144 sift.cc:1422] Clamping features from 55385 to 32768 - consider increasing the maximum number of matches.
W20260622 20:47:43.633744 129066182406144 sift.cc:1422] Clamping features from 59112 to 32768 - consider increasing the maximum number of matches.
W20260622 20:47:43.646847 129066182406144 sift.cc:1422] Clamping features from 43211 to 32768 - consider increasing the maximum number of matches.
W20260622 20:47:43.647592 129066182406144 sift.cc:1422] Clamping features from 56303 to 32768 - consider increasing the maximum number of matches.
W20260622 20:47:43.648305 129066182406144 sift.cc:1422] Clamping features from 59112 to 32768 - consider increasing the maximum number of matches.
W20260622 20:47:43.648989 129066182406144 sift.cc:1422] Clamping features from 43211 to 32768 - consider increasing the maximum number of matches.
W20260622 20:47:43.662009 129066182406144 sift.cc:1422] Clamping features from 56303 to 32768 - consider increasing the maximum number of matches.
W20260622 20:47:43.675293 129066182406144 sift.cc:1422] Clamping features from 43211 to 32768 - consider increasing the maximum number of matches.
I20260622 20:47:43.687794 129076946280448 feature_matching.cc:117] in 3.116s
I20260622 20:47:43.687819 129076946280448 timer.cc:90] Elapsed time: 0.058 [minutes]
I20260622 20:47:43.942121 127602007228416 misc.cc:44] 
==============================================================================
Loading model
==============================================================================
I20260622 20:47:43.943618 127602007228416 incremental_pipeline.cc:264] Loading database
I20260622 20:47:43.944331 127602007228416 database_cache.cc:67] Loading rigs...
I20260622 20:47:43.944367 127602007228416 database_cache.cc:77]  12 in 0.000s
I20260622 20:47:43.944372 127602007228416 database_cache.cc:85] Loading cameras...
I20260622 20:47:43.944384 127602007228416 database_cache.cc:103]  12 in 0.000s
I20260622 20:47:43.944387 127602007228416 database_cache.cc:111] Loading frames...
I20260622 20:47:43.944415 127602007228416 database_cache.cc:126]  12 in 0.000s
I20260622 20:47:43.944418 127602007228416 database_cache.cc:134] Loading matches...
I20260622 20:47:43.945230 127602007228416 database_cache.cc:139]  59 in 0.001s
I20260622 20:47:43.945239 127602007228416 database_cache.cc:155] Loading images...
I20260622 20:47:43.966678 127602007228416 database_cache.cc:239]  12 in 0.021s (connected 12)
I20260622 20:47:43.966696 127602007228416 database_cache.cc:250] Building correspondence graph...
I20260622 20:47:43.990670 127602007228416 database_cache.cc:277]  in 0.024s (ignored 0)
I20260622 20:47:43.990874 127602007228416 timer.cc:90] Elapsed time: 0.001 [minutes]
E20260622 20:47:43.990920 127602007228416 reconstruction.cc:140] Check failed: existing_camera.model_id == camera.model_id (kPinhole vs. kSimpleRadial) 
terminate called after throwing an instance of 'std::invalid_argument'
  what():  [reconstruction.cc:140] Check failed: existing_camera.model_id == camera.model_id (kPinhole vs. kSimpleRadial) 
*** Aborted at 1782132463 (unix time) try "date -d @1782132463" if you are using GNU date ***
PC: @     0x740e19c9eb2c pthread_kill
*** SIGABRT (@0x3f10001a759) received by PID 108377 (TID 0x740da8504000) from PID 108377; stack trace: ***
    @     0x740e19ca1ed3 (/usr/lib/x86_64-linux-gnu/libc.so.6+0xa1ed2)
    @     0x740e1c57f917 google::(anonymous namespace)::FailureSignalHandler(int, siginfo*, void*)
    @     0x740e19c45330 (/usr/lib/x86_64-linux-gnu/libc.so.6+0x4532f)
    @     0x740e19c9eb2c pthread_kill
    @     0x740e19c4527e gsignal
    @     0x740e19c288ff abort
    @     0x740e1a0cef37 __gnu_cxx::__verbose_terminate_handler()
    @     0x740e1a0cd519 __cxxabiv1::__terminate(void (*)())
    @     0x740e1a0c7063 std::terminate()
    @     0x740e1a0cd71c __cxa_throw
    @     0x5d586c3b2929 colmap::LogMessageFatalThrow<std::invalid_argument>::~LogMessageFatalThrow()
    @     0x5d586c4c40d7 colmap::Reconstruction::Load(colmap::DatabaseCache const&)
    @     0x5d586c5205ee colmap::IncrementalMapper::BeginReconstruction(std::shared_ptr<colmap::Reconstruction> const&)
    @     0x5d586c438c0c colmap::IncrementalPipeline::TriangulateReconstruction(std::shared_ptr<colmap::Reconstruction> const&)
    @     0x5d586c3b98aa colmap::RunPointTriangulatorImpl(std::shared_ptr<colmap::Reconstruction> const&, std::__cxx11::basic_string<char, std::char_traits<char>, std::allocator<char> > const&, std::__cxx11::basic_string<char, std::char_traits<char>, std::allocator<char> > const&,ŘSX
    @     0x5d586c3ba063 colmap::RunPointTriangulator(int, char**)
    @     0x5d586c39b4f9 main
    @     0x740e19c2a1ca (/usr/lib/x86_64-linux-gnu/libc.so.6+0x2a1c9)
    @     0x740e19c2a28b __libc_start_main
    @     0x5d586c3a1f64 (/data2/buaajianghengchen/conda_envs/EAP-GS/bin/colmap+0x12bf63)
Aborted (core dumped)
cp: cannot stat 'sparse/points3D.bin': No such file or directory
