rm: cannot remove '12_views': No such file or directory
I20260622 22:30:06.738682 123806114873344 misc.cc:44] 
==============================================================================
Feature extraction
==============================================================================
I20260622 22:30:06.794073 123804268568576 sift.cc:716] Creating Covariant SIFT CPU feature extractor
I20260622 22:30:06.794147 123804260175872 sift.cc:716] Creating Covariant SIFT CPU feature extractor
I20260622 22:30:06.794175 123804251783168 sift.cc:716] Creating Covariant SIFT CPU feature extractor
I20260622 22:30:06.794191 123804243390464 sift.cc:716] Creating Covariant SIFT CPU feature extractor
I20260622 22:30:06.794213 123804285353984 sift.cc:716] Creating Covariant SIFT CPU feature extractor
I20260622 22:30:06.794262 123804276961280 sift.cc:716] Creating Covariant SIFT CPU feature extractor
I20260622 22:30:06.797164 123804234997760 sift.cc:716] Creating Covariant SIFT CPU feature extractor
I20260622 22:30:06.797189 123804193034240 sift.cc:716] Creating Covariant SIFT CPU feature extractor
I20260622 22:30:06.797206 123804226605056 sift.cc:716] Creating Covariant SIFT CPU feature extractor
I20260622 22:30:06.797246 123803841589248 sift.cc:716] Creating Covariant SIFT CPU feature extractor
I20260622 22:30:06.797253 123804218212352 sift.cc:716] Creating Covariant SIFT CPU feature extractor
I20260622 22:30:06.797269 123803833196544 sift.cc:716] Creating Covariant SIFT CPU feature extractor
I20260622 22:30:06.797175 123804201426944 sift.cc:716] Creating Covariant SIFT CPU feature extractor
I20260622 22:30:06.797164 123804209819648 sift.cc:716] Creating Covariant SIFT CPU feature extractor
I20260622 22:30:06.797292 123803824803840 sift.cc:716] Creating Covariant SIFT CPU feature extractor
I20260622 22:30:06.797316 123803816411136 sift.cc:716] Creating Covariant SIFT CPU feature extractor
I20260622 22:30:06.797992 123803799625728 sift.cc:716] Creating Covariant SIFT CPU feature extractor
I20260622 22:30:06.798034 123803791233024 sift.cc:716] Creating Covariant SIFT CPU feature extractor
I20260622 22:30:06.800186 123803808018432 sift.cc:716] Creating Covariant SIFT CPU feature extractor
I20260622 22:30:06.801031 123803371827200 sift.cc:716] Creating Covariant SIFT CPU feature extractor
I20260622 22:30:06.801055 123803363434496 sift.cc:716] Creating Covariant SIFT CPU feature extractor
I20260622 22:30:06.801076 123803355041792 sift.cc:716] Creating Covariant SIFT CPU feature extractor
I20260622 22:30:06.801096 123803346649088 sift.cc:716] Creating Covariant SIFT CPU feature extractor
I20260622 22:30:06.801114 123803338256384 sift.cc:716] Creating Covariant SIFT CPU feature extractor
I20260622 22:30:06.801137 123803329863680 sift.cc:716] Creating Covariant SIFT CPU feature extractor
I20260622 22:30:06.801163 123803321470976 sift.cc:716] Creating Covariant SIFT CPU feature extractor
I20260622 22:30:06.801190 123803103391744 sift.cc:716] Creating Covariant SIFT CPU feature extractor
I20260622 22:30:06.801208 123803086606336 sift.cc:716] Creating Covariant SIFT CPU feature extractor
I20260622 22:30:06.801225 123803078213632 sift.cc:716] Creating Covariant SIFT CPU feature extractor
I20260622 22:30:06.801249 123803069820928 sift.cc:716] Creating Covariant SIFT CPU feature extractor
I20260622 22:30:06.803163 123803094999040 sift.cc:716] Creating Covariant SIFT CPU feature extractor
I20260622 22:30:06.804167 123803061428224 sift.cc:716] Creating Covariant SIFT CPU feature extractor
I20260622 22:30:06.804190 123803053035520 sift.cc:716] Creating Covariant SIFT CPU feature extractor
I20260622 22:30:06.804210 123802029649920 sift.cc:716] Creating Covariant SIFT CPU feature extractor
I20260622 22:30:06.804229 123802021257216 sift.cc:716] Creating Covariant SIFT CPU feature extractor
I20260622 22:30:06.804258 123802012864512 sift.cc:716] Creating Covariant SIFT CPU feature extractor
I20260622 22:30:06.804276 123802004471808 sift.cc:716] Creating Covariant SIFT CPU feature extractor
I20260622 22:30:06.804297 123801996079104 sift.cc:716] Creating Covariant SIFT CPU feature extractor
I20260622 22:30:06.804329 123801987686400 sift.cc:716] Creating Covariant SIFT CPU feature extractor
I20260622 22:30:06.804347 123801828323328 sift.cc:716] Creating Covariant SIFT CPU feature extractor
I20260622 22:30:06.804364 123801819930624 sift.cc:716] Creating Covariant SIFT CPU feature extractor
I20260622 22:30:06.804387 123801811537920 sift.cc:716] Creating Covariant SIFT CPU feature extractor
I20260622 22:30:06.804403 123801803145216 sift.cc:716] Creating Covariant SIFT CPU feature extractor
I20260622 22:30:06.805161 123801777967104 sift.cc:716] Creating Covariant SIFT CPU feature extractor
I20260622 22:30:06.806034 123801023016960 sift.cc:716] Creating Covariant SIFT CPU feature extractor
I20260622 22:30:06.806057 123801014624256 sift.cc:716] Creating Covariant SIFT CPU feature extractor
I20260622 22:30:06.806076 123801006231552 sift.cc:716] Creating Covariant SIFT CPU feature extractor
I20260622 22:30:06.806094 123800997838848 sift.cc:716] Creating Covariant SIFT CPU feature extractor
I20260622 22:30:06.806161 123801979293696 sift.cc:716] Creating Covariant SIFT CPU feature extractor
I20260622 22:30:06.808167 123801794752512 sift.cc:716] Creating Covariant SIFT CPU feature extractor
I20260622 22:30:06.808190 123801786359808 sift.cc:716] Creating Covariant SIFT CPU feature extractor
I20260622 22:30:06.809033 123800981053440 sift.cc:716] Creating Covariant SIFT CPU feature extractor
I20260622 22:30:06.809055 123800972660736 sift.cc:716] Creating Covariant SIFT CPU feature extractor
I20260622 22:30:06.809183 123800553254912 sift.cc:716] Creating Covariant SIFT CPU feature extractor
I20260622 22:30:06.809200 123800544862208 sift.cc:716] Creating Covariant SIFT CPU feature extractor
I20260622 22:30:06.809218 123800536469504 sift.cc:716] Creating Covariant SIFT CPU feature extractor
I20260622 22:30:06.809234 123800528076800 sift.cc:716] Creating Covariant SIFT CPU feature extractor
I20260622 22:30:06.809250 123800519684096 sift.cc:716] Creating Covariant SIFT CPU feature extractor
I20260622 22:30:06.809267 123800511291392 sift.cc:716] Creating Covariant SIFT CPU feature extractor
I20260622 22:30:06.809285 123800502898688 sift.cc:716] Creating Covariant SIFT CPU feature extractor
I20260622 22:30:06.809303 123800351928320 sift.cc:716] Creating Covariant SIFT CPU feature extractor
I20260622 22:30:06.809324 123800343535616 sift.cc:716] Creating Covariant SIFT CPU feature extractor
I20260622 22:30:06.809380 123800989446144 sift.cc:716] Creating Covariant SIFT CPU feature extractor
I20260622 22:30:06.811018 123799471120384 sift.cc:716] Creating Covariant SIFT CPU feature extractor
I20260622 22:30:06.811164 123799479513088 sift.cc:716] Creating Covariant SIFT CPU feature extractor
I20260622 22:30:06.812161 123800326750208 sift.cc:716] Creating Covariant SIFT CPU feature extractor
I20260622 22:30:06.812181 123800318357504 sift.cc:716] Creating Covariant SIFT CPU feature extractor
I20260622 22:30:06.812206 123800309964800 sift.cc:716] Creating Covariant SIFT CPU feature extractor
I20260622 22:30:06.812228 123800301572096 sift.cc:716] Creating Covariant SIFT CPU feature extractor
I20260622 22:30:06.813165 123800335142912 sift.cc:716] Creating Covariant SIFT CPU feature extractor
I20260622 22:30:06.813177 123799454334976 sift.cc:716] Creating Covariant SIFT CPU feature extractor
I20260622 22:30:06.813199 123799445942272 sift.cc:716] Creating Covariant SIFT CPU feature extractor
I20260622 22:30:06.813221 123799437549568 sift.cc:716] Creating Covariant SIFT CPU feature extractor
I20260622 22:30:06.813234 123799009751040 sift.cc:716] Creating Covariant SIFT CPU feature extractor
I20260622 22:30:06.813243 123799001358336 sift.cc:716] Creating Covariant SIFT CPU feature extractor
I20260622 22:30:06.813253 123798992965632 sift.cc:716] Creating Covariant SIFT CPU feature extractor
I20260622 22:30:06.813166 123799462727680 sift.cc:716] Creating Covariant SIFT CPU feature extractor
I20260622 22:30:06.813306 123798984572928 sift.cc:716] Creating Covariant SIFT CPU feature extractor
I20260622 22:30:06.815168 123799429156864 sift.cc:716] Creating Covariant SIFT CPU feature extractor
I20260622 22:30:06.816162 123798976180224 sift.cc:716] Creating Covariant SIFT CPU feature extractor
I20260622 22:30:06.816191 123798967787520 sift.cc:716] Creating Covariant SIFT CPU feature extractor
I20260622 22:30:06.816209 123798741315584 sift.cc:716] Creating Covariant SIFT CPU feature extractor
I20260622 22:30:06.816229 123798732922880 sift.cc:716] Creating Covariant SIFT CPU feature extractor
I20260622 22:30:06.816245 123798716137472 sift.cc:716] Creating Covariant SIFT CPU feature extractor
I20260622 22:30:06.816265 123798707744768 sift.cc:716] Creating Covariant SIFT CPU feature extractor
I20260622 22:30:06.816285 123798699352064 sift.cc:716] Creating Covariant SIFT CPU feature extractor
I20260622 22:30:06.816305 123798690959360 sift.cc:716] Creating Covariant SIFT CPU feature extractor
I20260622 22:30:06.817168 123798959394816 sift.cc:716] Creating Covariant SIFT CPU feature extractor
I20260622 22:30:06.817256 123798607097856 sift.cc:716] Creating Covariant SIFT CPU feature extractor
I20260622 22:30:06.818161 123798724530176 sift.cc:716] Creating Covariant SIFT CPU feature extractor
I20260622 22:30:06.819166 123798598705152 sift.cc:716] Creating Covariant SIFT CPU feature extractor
I20260622 22:30:06.819186 123798590312448 sift.cc:716] Creating Covariant SIFT CPU feature extractor
I20260622 22:30:06.819205 123798573527040 sift.cc:716] Creating Covariant SIFT CPU feature extractor
I20260622 22:30:06.819221 123798565134336 sift.cc:716] Creating Covariant SIFT CPU feature extractor
I20260622 22:30:06.819241 123798556741632 sift.cc:716] Creating Covariant SIFT CPU feature extractor
I20260622 22:30:06.819259 123798330269696 sift.cc:716] Creating Covariant SIFT CPU feature extractor
I20260622 22:30:06.819276 123798321876992 sift.cc:716] Creating Covariant SIFT CPU feature extractor
I20260622 22:30:06.819303 123798313484288 sift.cc:716] Creating Covariant SIFT CPU feature extractor
I20260622 22:30:06.820161 123798581919744 sift.cc:716] Creating Covariant SIFT CPU feature extractor
I20260622 22:30:06.821160 123798338662400 sift.cc:716] Creating Covariant SIFT CPU feature extractor
I20260622 22:30:06.822129 123798305091584 sift.cc:716] Creating Covariant SIFT CPU feature extractor
I20260622 22:30:06.822160 123798296698880 sift.cc:716] Creating Covariant SIFT CPU feature extractor
I20260622 22:30:06.822188 123798288306176 sift.cc:716] Creating Covariant SIFT CPU feature extractor
I20260622 22:30:06.822211 123798204444672 sift.cc:716] Creating Covariant SIFT CPU feature extractor
I20260622 22:30:06.822231 123798187659264 sift.cc:716] Creating Covariant SIFT CPU feature extractor
I20260622 22:30:06.822252 123798179266560 sift.cc:716] Creating Covariant SIFT CPU feature extractor
I20260622 22:30:06.822276 123798170873856 sift.cc:716] Creating Covariant SIFT CPU feature extractor
I20260622 22:30:06.822294 123798162481152 sift.cc:716] Creating Covariant SIFT CPU feature extractor
I20260622 22:30:06.822315 123798154088448 sift.cc:716] Creating Covariant SIFT CPU feature extractor
I20260622 22:30:06.822331 123796593831936 sift.cc:716] Creating Covariant SIFT CPU feature extractor
I20260622 22:30:06.822351 123796585439232 sift.cc:716] Creating Covariant SIFT CPU feature extractor
I20260622 22:30:06.823211 123798196051968 sift.cc:716] Creating Covariant SIFT CPU feature extractor
I20260622 22:30:06.823244 123796577046528 sift.cc:716] Creating Covariant SIFT CPU feature extractor
I20260622 22:30:06.824227 123796568653824 sift.cc:716] Creating Covariant SIFT CPU feature extractor
I20260622 22:30:06.826085 123796551868416 sift.cc:716] Creating Covariant SIFT CPU feature extractor
I20260622 22:30:06.826112 123795545235456 sift.cc:716] Creating Covariant SIFT CPU feature extractor
I20260622 22:30:06.826129 123795536842752 sift.cc:716] Creating Covariant SIFT CPU feature extractor
I20260622 22:30:06.826143 123795452981248 sift.cc:716] Creating Covariant SIFT CPU feature extractor
I20260622 22:30:06.826165 123796560261120 sift.cc:716] Creating Covariant SIFT CPU feature extractor
I20260622 22:30:06.826202 123796543475712 sift.cc:716] Creating Covariant SIFT CPU feature extractor
I20260622 22:30:06.826222 123795587198976 sift.cc:716] Creating Covariant SIFT CPU feature extractor
I20260622 22:30:06.826239 123795578806272 sift.cc:716] Creating Covariant SIFT CPU feature extractor
I20260622 22:30:06.826257 123795570413568 sift.cc:716] Creating Covariant SIFT CPU feature extractor
I20260622 22:30:06.826276 123795562020864 sift.cc:716] Creating Covariant SIFT CPU feature extractor
I20260622 22:30:06.826296 123795553628160 sift.cc:716] Creating Covariant SIFT CPU feature extractor
I20260622 22:30:06.826173 123795444588544 sift.cc:716] Creating Covariant SIFT CPU feature extractor
I20260622 22:30:06.826914 123795427803136 sift.cc:716] Creating Covariant SIFT CPU feature extractor
I20260622 22:30:06.826942 123795419410432 sift.cc:716] Creating Covariant SIFT CPU feature extractor
I20260622 22:30:06.828172 123795411017728 sift.cc:716] Creating Covariant SIFT CPU feature extractor
I20260622 22:30:06.828199 123795436195840 sift.cc:716] Creating Covariant SIFT CPU feature extractor
I20260622 22:30:06.828216 123795402625024 sift.cc:716] Creating Covariant SIFT CPU feature extractor
I20260622 22:30:06.828238 123794513457152 sift.cc:716] Creating Covariant SIFT CPU feature extractor
I20260622 22:30:06.828255 123794505064448 sift.cc:716] Creating Covariant SIFT CPU feature extractor
I20260622 22:30:06.828274 123794496671744 sift.cc:716] Creating Covariant SIFT CPU feature extractor
I20260622 22:30:06.829021 123794488279040 sift.cc:716] Creating Covariant SIFT CPU feature extractor
I20260622 22:30:06.829040 123794479886336 sift.cc:716] Creating Covariant SIFT CPU feature extractor
I20260622 22:30:06.831161 123793867513856 sift.cc:716] Creating Covariant SIFT CPU feature extractor
I20260622 22:30:06.832192 123794471493632 sift.cc:716] Creating Covariant SIFT CPU feature extractor
I20260622 22:30:06.832230 123793892691968 sift.cc:716] Creating Covariant SIFT CPU feature extractor
I20260622 22:30:06.832239 123794463100928 sift.cc:716] Creating Covariant SIFT CPU feature extractor
I20260622 22:30:06.832255 123793884299264 sift.cc:716] Creating Covariant SIFT CPU feature extractor
I20260622 22:30:06.832263 123793909477376 sift.cc:716] Creating Covariant SIFT CPU feature extractor
I20260622 22:30:06.832276 123793875906560 sift.cc:716] Creating Covariant SIFT CPU feature extractor
I20260622 22:30:06.832307 123793901084672 sift.cc:716] Creating Covariant SIFT CPU feature extractor
I20260622 22:30:06.834161 123793859121152 sift.cc:716] Creating Covariant SIFT CPU feature extractor
I20260622 22:30:06.834184 123793708150784 sift.cc:716] Creating Covariant SIFT CPU feature extractor
I20260622 22:30:06.834205 123793699758080 sift.cc:716] Creating Covariant SIFT CPU feature extractor
I20260622 22:30:06.834225 123793691365376 sift.cc:716] Creating Covariant SIFT CPU feature extractor
I20260622 22:30:06.835108 123793280319488 sift.cc:716] Creating Covariant SIFT CPU feature extractor
I20260622 22:30:06.835133 123793271926784 sift.cc:716] Creating Covariant SIFT CPU feature extractor
I20260622 22:30:06.835161 123793263534080 sift.cc:716] Creating Covariant SIFT CPU feature extractor
I20260622 22:30:06.835164 123793682972672 sift.cc:716] Creating Covariant SIFT CPU feature extractor
I20260622 22:30:06.835200 123793674579968 sift.cc:716] Creating Covariant SIFT CPU feature extractor
I20260622 22:30:06.835221 123793666187264 sift.cc:716] Creating Covariant SIFT CPU feature extractor
I20260622 22:30:06.835238 123793657794560 sift.cc:716] Creating Covariant SIFT CPU feature extractor
I20260622 22:30:06.835256 123793305497600 sift.cc:716] Creating Covariant SIFT CPU feature extractor
I20260622 22:30:06.835273 123793297104896 sift.cc:716] Creating Covariant SIFT CPU feature extractor
I20260622 22:30:06.837162 123793288712192 sift.cc:716] Creating Covariant SIFT CPU feature extractor
I20260622 22:30:06.838162 123792231755776 sift.cc:716] Creating Covariant SIFT CPU feature extractor
I20260622 22:30:06.838193 123792223363072 sift.cc:716] Creating Covariant SIFT CPU feature extractor
I20260622 22:30:06.838227 123792214970368 sift.cc:716] Creating Covariant SIFT CPU feature extractor
I20260622 22:30:06.838244 123792206577664 sift.cc:716] Creating Covariant SIFT CPU feature extractor
I20260622 22:30:06.838270 123792198184960 sift.cc:716] Creating Covariant SIFT CPU feature extractor
I20260622 22:30:06.838288 123792189792256 sift.cc:716] Creating Covariant SIFT CPU feature extractor
I20260622 22:30:06.838311 123792181399552 sift.cc:716] Creating Covariant SIFT CPU feature extractor
I20260622 22:30:06.838327 123792097538048 sift.cc:716] Creating Covariant SIFT CPU feature extractor
I20260622 22:30:06.838163 123793255141376 sift.cc:716] Creating Covariant SIFT CPU feature extractor
I20260622 22:30:06.838356 123792089145344 sift.cc:716] Creating Covariant SIFT CPU feature extractor
I20260622 22:30:06.841164 123792080752640 sift.cc:716] Creating Covariant SIFT CPU feature extractor
I20260622 22:30:06.841575 123792072359936 sift.cc:716] Creating Covariant SIFT CPU feature extractor
I20260622 22:30:06.841604 123792063967232 sift.cc:716] Creating Covariant SIFT CPU feature extractor
I20260622 22:30:06.841638 123792055574528 sift.cc:716] Creating Covariant SIFT CPU feature extractor
I20260622 22:30:06.841661 123792047181824 sift.cc:716] Creating Covariant SIFT CPU feature extractor
I20260622 22:30:06.841684 123791426449408 sift.cc:716] Creating Covariant SIFT CPU feature extractor
I20260622 22:30:06.841702 123791418056704 sift.cc:716] Creating Covariant SIFT CPU feature extractor
I20260622 22:30:06.841729 123791409664000 sift.cc:716] Creating Covariant SIFT CPU feature extractor
I20260622 22:30:06.841746 123791401271296 sift.cc:716] Creating Covariant SIFT CPU feature extractor
I20260622 22:30:06.841768 123791392878592 sift.cc:716] Creating Covariant SIFT CPU feature extractor
I20260622 22:30:06.841788 123791384485888 sift.cc:716] Creating Covariant SIFT CPU feature extractor
I20260622 22:30:06.841809 123791225122816 sift.cc:716] Creating Covariant SIFT CPU feature extractor
I20260622 22:30:06.842187 123791376093184 sift.cc:716] Creating Covariant SIFT CPU feature extractor
I20260622 22:30:06.844172 123791199944704 sift.cc:716] Creating Covariant SIFT CPU feature extractor
I20260622 22:30:06.845165 123791216730112 sift.cc:716] Creating Covariant SIFT CPU feature extractor
I20260622 22:30:06.845192 123791208337408 sift.cc:716] Creating Covariant SIFT CPU feature extractor
I20260622 22:30:06.845213 123791191552000 sift.cc:716] Creating Covariant SIFT CPU feature extractor
I20260622 22:30:06.845233 123791183159296 sift.cc:716] Creating Covariant SIFT CPU feature extractor
I20260622 22:30:06.845255 123791174766592 sift.cc:716] Creating Covariant SIFT CPU feature extractor
I20260622 22:30:06.845277 123790419816448 sift.cc:716] Creating Covariant SIFT CPU feature extractor
I20260622 22:30:06.845297 123790411423744 sift.cc:716] Creating Covariant SIFT CPU feature extractor
I20260622 22:30:06.846020 123789933268992 sift.cc:716] Creating Covariant SIFT CPU feature extractor
I20260622 22:30:06.847165 123790403031040 sift.cc:716] Creating Covariant SIFT CPU feature extractor
I20260622 22:30:06.847195 123790394638336 sift.cc:716] Creating Covariant SIFT CPU feature extractor
I20260622 22:30:06.847215 123790386245632 sift.cc:716] Creating Covariant SIFT CPU feature extractor
I20260622 22:30:06.847232 123790377852928 sift.cc:716] Creating Covariant SIFT CPU feature extractor
I20260622 22:30:06.847250 123790369460224 sift.cc:716] Creating Covariant SIFT CPU feature extractor
I20260622 22:30:06.847266 123789950054400 sift.cc:716] Creating Covariant SIFT CPU feature extractor
I20260622 22:30:06.848113 123789924876288 sift.cc:716] Creating Covariant SIFT CPU feature extractor
I20260622 22:30:06.848136 123789916483584 sift.cc:716] Creating Covariant SIFT CPU feature extractor
I20260622 22:30:06.848158 123789908090880 sift.cc:716] Creating Covariant SIFT CPU feature extractor
I20260622 22:30:06.848165 123789941661696 sift.cc:716] Creating Covariant SIFT CPU feature extractor
I20260622 22:30:06.848180 123789899698176 sift.cc:716] Creating Covariant SIFT CPU feature extractor
I20260622 22:30:06.848199 123789606117376 sift.cc:716] Creating Covariant SIFT CPU feature extractor
I20260622 22:30:06.848216 123789597724672 sift.cc:716] Creating Covariant SIFT CPU feature extractor
I20260622 22:30:06.848232 123789589331968 sift.cc:716] Creating Covariant SIFT CPU feature extractor
I20260622 22:30:06.849281 123789614510080 sift.cc:716] Creating Covariant SIFT CPU feature extractor
I20260622 22:30:06.851161 123789572546560 sift.cc:716] Creating Covariant SIFT CPU feature extractor
I20260622 22:30:06.851170 123789580939264 sift.cc:716] Creating Covariant SIFT CPU feature extractor
I20260622 22:30:06.851187 123789564153856 sift.cc:716] Creating Covariant SIFT CPU feature extractor
I20260622 22:31:03.587486 123788674985984 feature_extraction.cc:260] Processed file [1/12]
I20260622 22:31:03.587557 123788674985984 feature_extraction.cc:263]   Name:            DSC07957.JPG
I20260622 22:31:03.587561 123788674985984 feature_extraction.cc:272]   Dimensions:      5187 x 3361
I20260622 22:31:03.587563 123788674985984 feature_extraction.cc:275]   Camera:          #1 - PINHOLE
I20260622 22:31:03.587568 123788674985984 feature_extraction.cc:278]   Focal Length:    6224.40px
I20260622 22:31:03.587581 123788674985984 feature_extraction.cc:282]   Features:        37925 (SIFT)
I20260622 22:31:03.770172 123788674985984 feature_extraction.cc:260] Processed file [2/12]
I20260622 22:31:03.770214 123788674985984 feature_extraction.cc:263]   Name:            DSC08007.JPG
I20260622 22:31:03.770218 123788674985984 feature_extraction.cc:272]   Dimensions:      5187 x 3361
I20260622 22:31:03.770222 123788674985984 feature_extraction.cc:275]   Camera:          #4 - PINHOLE
I20260622 22:31:03.770226 123788674985984 feature_extraction.cc:278]   Focal Length:    6224.40px
I20260622 22:31:03.770239 123788674985984 feature_extraction.cc:282]   Features:        35112 (SIFT)
I20260622 22:31:05.336170 123788674985984 feature_extraction.cc:260] Processed file [3/12]
I20260622 22:31:05.336215 123788674985984 feature_extraction.cc:263]   Name:            DSC08056.JPG
I20260622 22:31:05.336219 123788674985984 feature_extraction.cc:272]   Dimensions:      5187 x 3361
I20260622 22:31:05.336223 123788674985984 feature_extraction.cc:275]   Camera:          #7 - PINHOLE
I20260622 22:31:05.336226 123788674985984 feature_extraction.cc:278]   Focal Length:    6224.40px
I20260622 22:31:05.336236 123788674985984 feature_extraction.cc:282]   Features:        35638 (SIFT)
I20260622 22:31:07.462497 123788674985984 feature_extraction.cc:260] Processed file [4/12]
I20260622 22:31:07.462551 123788674985984 feature_extraction.cc:263]   Name:            DSC08139.JPG
I20260622 22:31:07.462555 123788674985984 feature_extraction.cc:272]   Dimensions:      5187 x 3361
I20260622 22:31:07.462558 123788674985984 feature_extraction.cc:275]   Camera:          #12 - PINHOLE
I20260622 22:31:07.462561 123788674985984 feature_extraction.cc:278]   Focal Length:    6224.40px
I20260622 22:31:07.462570 123788674985984 feature_extraction.cc:282]   Features:        34537 (SIFT)
I20260622 22:31:07.787168 123788674985984 feature_extraction.cc:260] Processed file [5/12]
I20260622 22:31:07.787206 123788674985984 feature_extraction.cc:263]   Name:            DSC07990.JPG
I20260622 22:31:07.787211 123788674985984 feature_extraction.cc:272]   Dimensions:      5187 x 3361
I20260622 22:31:07.787214 123788674985984 feature_extraction.cc:275]   Camera:          #3 - PINHOLE
I20260622 22:31:07.787218 123788674985984 feature_extraction.cc:278]   Focal Length:    6224.40px
I20260622 22:31:07.787228 123788674985984 feature_extraction.cc:282]   Features:        38947 (SIFT)
I20260622 22:31:08.159253 123788674985984 feature_extraction.cc:260] Processed file [6/12]
I20260622 22:31:08.159308 123788674985984 feature_extraction.cc:263]   Name:            DSC07974.JPG
I20260622 22:31:08.159312 123788674985984 feature_extraction.cc:272]   Dimensions:      5187 x 3361
I20260622 22:31:08.159315 123788674985984 feature_extraction.cc:275]   Camera:          #2 - PINHOLE
I20260622 22:31:08.159330 123788674985984 feature_extraction.cc:278]   Focal Length:    6224.40px
I20260622 22:31:08.159340 123788674985984 feature_extraction.cc:282]   Features:        55385 (SIFT)
I20260622 22:31:08.599395 123788674985984 feature_extraction.cc:260] Processed file [7/12]
I20260622 22:31:08.599427 123788674985984 feature_extraction.cc:263]   Name:            DSC08023.JPG
I20260622 22:31:08.599430 123788674985984 feature_extraction.cc:272]   Dimensions:      5187 x 3361
I20260622 22:31:08.599432 123788674985984 feature_extraction.cc:275]   Camera:          #5 - PINHOLE
I20260622 22:31:08.599435 123788674985984 feature_extraction.cc:278]   Focal Length:    6224.40px
I20260622 22:31:08.599444 123788674985984 feature_extraction.cc:282]   Features:        36724 (SIFT)
I20260622 22:31:09.188598 123788674985984 feature_extraction.cc:260] Processed file [8/12]
I20260622 22:31:09.188626 123788674985984 feature_extraction.cc:263]   Name:            DSC08089.JPG
I20260622 22:31:09.188629 123788674985984 feature_extraction.cc:272]   Dimensions:      5187 x 3361
I20260622 22:31:09.188631 123788674985984 feature_extraction.cc:275]   Camera:          #9 - PINHOLE
I20260622 22:31:09.188634 123788674985984 feature_extraction.cc:278]   Focal Length:    6224.40px
I20260622 22:31:09.188642 123788674985984 feature_extraction.cc:282]   Features:        36752 (SIFT)
I20260622 22:31:10.521969 123788674985984 feature_extraction.cc:260] Processed file [9/12]
I20260622 22:31:10.521996 123788674985984 feature_extraction.cc:263]   Name:            DSC08106.JPG
I20260622 22:31:10.521998 123788674985984 feature_extraction.cc:272]   Dimensions:      5187 x 3361
I20260622 22:31:10.522000 123788674985984 feature_extraction.cc:275]   Camera:          #10 - PINHOLE
I20260622 22:31:10.522003 123788674985984 feature_extraction.cc:278]   Focal Length:    6224.40px
I20260622 22:31:10.522011 123788674985984 feature_extraction.cc:282]   Features:        56303 (SIFT)
I20260622 22:31:12.825594 123788674985984 feature_extraction.cc:260] Processed file [10/12]
I20260622 22:31:12.825632 123788674985984 feature_extraction.cc:263]   Name:            DSC08122.JPG
I20260622 22:31:12.825634 123788674985984 feature_extraction.cc:272]   Dimensions:      5187 x 3361
I20260622 22:31:12.825636 123788674985984 feature_extraction.cc:275]   Camera:          #11 - PINHOLE
I20260622 22:31:12.825640 123788674985984 feature_extraction.cc:278]   Focal Length:    6224.40px
I20260622 22:31:12.825648 123788674985984 feature_extraction.cc:282]   Features:        43211 (SIFT)
I20260622 22:31:12.958243 123788674985984 feature_extraction.cc:260] Processed file [11/12]
I20260622 22:31:12.958268 123788674985984 feature_extraction.cc:263]   Name:            DSC08073.JPG
I20260622 22:31:12.958271 123788674985984 feature_extraction.cc:272]   Dimensions:      5187 x 3361
I20260622 22:31:12.958273 123788674985984 feature_extraction.cc:275]   Camera:          #8 - PINHOLE
I20260622 22:31:12.958276 123788674985984 feature_extraction.cc:278]   Focal Length:    6224.40px
I20260622 22:31:12.958283 123788674985984 feature_extraction.cc:282]   Features:        59112 (SIFT)
I20260622 22:31:14.736621 123788674985984 feature_extraction.cc:260] Processed file [12/12]
I20260622 22:31:14.736648 123788674985984 feature_extraction.cc:263]   Name:            DSC08040.JPG
I20260622 22:31:14.736650 123788674985984 feature_extraction.cc:272]   Dimensions:      5187 x 3361
I20260622 22:31:14.736652 123788674985984 feature_extraction.cc:275]   Camera:          #6 - PINHOLE
I20260622 22:31:14.736655 123788674985984 feature_extraction.cc:278]   Focal Length:    6224.40px
I20260622 22:31:14.736663 123788674985984 feature_extraction.cc:282]   Features:        56130 (SIFT)
I20260622 22:31:14.758138 123806114873344 timer.cc:90] Elapsed time: 1.134 [minutes]
I20260622 22:31:14.942561 135483166826496 misc.cc:44] 
==============================================================================
Feature matching & geometric verification
==============================================================================
I20260622 22:31:15.136190 135483158433792 feature_matching_utils.cc:78] Bind FeatureMatcherWorker to GPU device 0
I20260622 22:31:15.136191 135472394563584 feature_matching_utils.cc:78] Bind FeatureMatcherWorker to GPU device 0
I20260622 22:31:15.136366 135483158433792 sift.cc:1446] Creating SIFT GPU feature matcher
I20260622 22:31:15.136368 135472394563584 sift.cc:1446] Creating SIFT GPU feature matcher
I20260622 22:31:15.140235 135483166826496 pairing.cc:180] Generating exhaustive image pairs...
I20260622 22:31:15.140270 135483166826496 pairing.cc:213] Processing block [1/1, 1/1]
W20260622 22:31:15.157667 135483158433792 sift.cc:1422] Clamping features from 37925 to 32768 - consider increasing the maximum number of matches.
W20260622 22:31:15.158314 135483158433792 sift.cc:1422] Clamping features from 35112 to 32768 - consider increasing the maximum number of matches.
W20260622 22:31:15.186257 135483158433792 sift.cc:1422] Clamping features from 35638 to 32768 - consider increasing the maximum number of matches.
W20260622 22:31:15.186261 135472394563584 sift.cc:1422] Clamping features from 37925 to 32768 - consider increasing the maximum number of matches.
W20260622 22:31:15.202546 135472394563584 sift.cc:1422] Clamping features from 35112 to 32768 - consider increasing the maximum number of matches.
W20260622 22:31:15.209989 135483158433792 sift.cc:1422] Clamping features from 34537 to 32768 - consider increasing the maximum number of matches.
W20260622 22:31:15.235716 135483158433792 sift.cc:1422] Clamping features from 38947 to 32768 - consider increasing the maximum number of matches.
W20260622 22:31:15.243900 135472394563584 sift.cc:1422] Clamping features from 34537 to 32768 - consider increasing the maximum number of matches.
W20260622 22:31:15.264830 135483158433792 sift.cc:1422] Clamping features from 55385 to 32768 - consider increasing the maximum number of matches.
W20260622 22:31:15.264946 135472394563584 sift.cc:1422] Clamping features from 35638 to 32768 - consider increasing the maximum number of matches.
W20260622 22:31:15.289781 135483158433792 sift.cc:1422] Clamping features from 36724 to 32768 - consider increasing the maximum number of matches.
W20260622 22:31:15.297176 135472394563584 sift.cc:1422] Clamping features from 55385 to 32768 - consider increasing the maximum number of matches.
W20260622 22:31:15.318282 135483158433792 sift.cc:1422] Clamping features from 36752 to 32768 - consider increasing the maximum number of matches.
W20260622 22:31:15.346325 135483158433792 sift.cc:1422] Clamping features from 56303 to 32768 - consider increasing the maximum number of matches.
W20260622 22:31:15.350949 135472394563584 sift.cc:1422] Clamping features from 36752 to 32768 - consider increasing the maximum number of matches.
W20260622 22:31:15.371565 135483158433792 sift.cc:1422] Clamping features from 43211 to 32768 - consider increasing the maximum number of matches.
W20260622 22:31:15.376320 135472394563584 sift.cc:1422] Clamping features from 38947 to 32768 - consider increasing the maximum number of matches.
W20260622 22:31:15.404520 135483158433792 sift.cc:1422] Clamping features from 59112 to 32768 - consider increasing the maximum number of matches.
W20260622 22:31:15.404531 135472394563584 sift.cc:1422] Clamping features from 56303 to 32768 - consider increasing the maximum number of matches.
W20260622 22:31:15.432567 135483158433792 sift.cc:1422] Clamping features from 56130 to 32768 - consider increasing the maximum number of matches.
W20260622 22:31:15.432841 135472394563584 sift.cc:1422] Clamping features from 36724 to 32768 - consider increasing the maximum number of matches.
W20260622 22:31:15.449085 135483158433792 sift.cc:1422] Clamping features from 35112 to 32768 - consider increasing the maximum number of matches.
W20260622 22:31:15.462593 135472394563584 sift.cc:1422] Clamping features from 43211 to 32768 - consider increasing the maximum number of matches.
W20260622 22:31:15.463264 135483158433792 sift.cc:1422] Clamping features from 35638 to 32768 - consider increasing the maximum number of matches.
W20260622 22:31:15.478907 135483158433792 sift.cc:1422] Clamping features from 34537 to 32768 - consider increasing the maximum number of matches.
W20260622 22:31:15.491530 135472394563584 sift.cc:1422] Clamping features from 59112 to 32768 - consider increasing the maximum number of matches.
W20260622 22:31:15.507724 135483158433792 sift.cc:1422] Clamping features from 38947 to 32768 - consider increasing the maximum number of matches.
W20260622 22:31:15.520962 135472394563584 sift.cc:1422] Clamping features from 56130 to 32768 - consider increasing the maximum number of matches.
W20260622 22:31:15.535984 135483158433792 sift.cc:1422] Clamping features from 55385 to 32768 - consider increasing the maximum number of matches.
W20260622 22:31:15.536009 135472394563584 sift.cc:1422] Clamping features from 35112 to 32768 - consider increasing the maximum number of matches.
W20260622 22:31:15.551764 135472394563584 sift.cc:1422] Clamping features from 35638 to 32768 - consider increasing the maximum number of matches.
W20260622 22:31:15.551829 135483158433792 sift.cc:1422] Clamping features from 36724 to 32768 - consider increasing the maximum number of matches.
W20260622 22:31:15.580328 135483158433792 sift.cc:1422] Clamping features from 36752 to 32768 - consider increasing the maximum number of matches.
W20260622 22:31:15.580391 135472394563584 sift.cc:1422] Clamping features from 34537 to 32768 - consider increasing the maximum number of matches.
W20260622 22:31:15.595926 135483158433792 sift.cc:1422] Clamping features from 56303 to 32768 - consider increasing the maximum number of matches.
W20260622 22:31:15.609341 135472394563584 sift.cc:1422] Clamping features from 38947 to 32768 - consider increasing the maximum number of matches.
W20260622 22:31:15.624502 135483158433792 sift.cc:1422] Clamping features from 43211 to 32768 - consider increasing the maximum number of matches.
W20260622 22:31:15.638125 135472394563584 sift.cc:1422] Clamping features from 55385 to 32768 - consider increasing the maximum number of matches.
W20260622 22:31:15.653869 135483158433792 sift.cc:1422] Clamping features from 59112 to 32768 - consider increasing the maximum number of matches.
W20260622 22:31:15.668060 135472394563584 sift.cc:1422] Clamping features from 36724 to 32768 - consider increasing the maximum number of matches.
W20260622 22:31:15.682700 135483158433792 sift.cc:1422] Clamping features from 56130 to 32768 - consider increasing the maximum number of matches.
W20260622 22:31:15.696329 135472394563584 sift.cc:1422] Clamping features from 36752 to 32768 - consider increasing the maximum number of matches.
W20260622 22:31:15.710557 135483158433792 sift.cc:1422] Clamping features from 35638 to 32768 - consider increasing the maximum number of matches.
W20260622 22:31:15.712091 135483158433792 sift.cc:1422] Clamping features from 34537 to 32768 - consider increasing the maximum number of matches.
W20260622 22:31:15.725563 135472394563584 sift.cc:1422] Clamping features from 56303 to 32768 - consider increasing the maximum number of matches.
W20260622 22:31:15.740732 135472394563584 sift.cc:1422] Clamping features from 43211 to 32768 - consider increasing the maximum number of matches.
W20260622 22:31:15.740770 135483158433792 sift.cc:1422] Clamping features from 38947 to 32768 - consider increasing the maximum number of matches.
W20260622 22:31:15.756872 135483158433792 sift.cc:1422] Clamping features from 55385 to 32768 - consider increasing the maximum number of matches.
W20260622 22:31:15.770222 135472394563584 sift.cc:1422] Clamping features from 59112 to 32768 - consider increasing the maximum number of matches.
W20260622 22:31:15.785988 135483158433792 sift.cc:1422] Clamping features from 36724 to 32768 - consider increasing the maximum number of matches.
W20260622 22:31:15.798655 135472394563584 sift.cc:1422] Clamping features from 35638 to 32768 - consider increasing the maximum number of matches.
W20260622 22:31:15.813436 135472394563584 sift.cc:1422] Clamping features from 34537 to 32768 - consider increasing the maximum number of matches.
W20260622 22:31:15.813464 135483158433792 sift.cc:1422] Clamping features from 36752 to 32768 - consider increasing the maximum number of matches.
W20260622 22:31:15.829643 135483158433792 sift.cc:1422] Clamping features from 56303 to 32768 - consider increasing the maximum number of matches.
W20260622 22:31:15.843069 135472394563584 sift.cc:1422] Clamping features from 35112 to 32768 - consider increasing the maximum number of matches.
W20260622 22:31:15.858284 135483158433792 sift.cc:1422] Clamping features from 43211 to 32768 - consider increasing the maximum number of matches.
W20260622 22:31:15.858296 135472394563584 sift.cc:1422] Clamping features from 56130 to 32768 - consider increasing the maximum number of matches.
W20260622 22:31:15.874028 135483158433792 sift.cc:1422] Clamping features from 59112 to 32768 - consider increasing the maximum number of matches.
W20260622 22:31:15.887807 135472394563584 sift.cc:1422] Clamping features from 35638 to 32768 - consider increasing the maximum number of matches.
W20260622 22:31:15.903514 135472394563584 sift.cc:1422] Clamping features from 55385 to 32768 - consider increasing the maximum number of matches.
W20260622 22:31:15.903615 135483158433792 sift.cc:1422] Clamping features from 56130 to 32768 - consider increasing the maximum number of matches.
W20260622 22:31:15.919713 135483158433792 sift.cc:1422] Clamping features from 34537 to 32768 - consider increasing the maximum number of matches.
W20260622 22:31:15.931820 135472394563584 sift.cc:1422] Clamping features from 38947 to 32768 - consider increasing the maximum number of matches.
W20260622 22:31:15.932508 135483158433792 sift.cc:1422] Clamping features from 38947 to 32768 - consider increasing the maximum number of matches.
W20260622 22:31:15.948058 135483158433792 sift.cc:1422] Clamping features from 55385 to 32768 - consider increasing the maximum number of matches.
W20260622 22:31:15.961330 135472394563584 sift.cc:1422] Clamping features from 36724 to 32768 - consider increasing the maximum number of matches.
W20260622 22:31:15.976061 135483158433792 sift.cc:1422] Clamping features from 36724 to 32768 - consider increasing the maximum number of matches.
W20260622 22:31:15.998912 135472394563584 sift.cc:1422] Clamping features from 36752 to 32768 - consider increasing the maximum number of matches.
W20260622 22:31:16.004222 135483158433792 sift.cc:1422] Clamping features from 36752 to 32768 - consider increasing the maximum number of matches.
W20260622 22:31:16.020389 135483158433792 sift.cc:1422] Clamping features from 56303 to 32768 - consider increasing the maximum number of matches.
W20260622 22:31:16.032607 135472394563584 sift.cc:1422] Clamping features from 56303 to 32768 - consider increasing the maximum number of matches.
W20260622 22:31:16.047402 135483158433792 sift.cc:1422] Clamping features from 43211 to 32768 - consider increasing the maximum number of matches.
W20260622 22:31:16.060019 135472394563584 sift.cc:1422] Clamping features from 43211 to 32768 - consider increasing the maximum number of matches.
W20260622 22:31:16.074491 135483158433792 sift.cc:1422] Clamping features from 59112 to 32768 - consider increasing the maximum number of matches.
W20260622 22:31:16.102930 135483158433792 sift.cc:1422] Clamping features from 56130 to 32768 - consider increasing the maximum number of matches.
W20260622 22:31:16.102988 135472394563584 sift.cc:1422] Clamping features from 59112 to 32768 - consider increasing the maximum number of matches.
W20260622 22:31:16.118977 135483158433792 sift.cc:1422] Clamping features from 38947 to 32768 - consider increasing the maximum number of matches.
W20260622 22:31:16.119818 135483158433792 sift.cc:1422] Clamping features from 55385 to 32768 - consider increasing the maximum number of matches.
W20260622 22:31:16.132874 135472394563584 sift.cc:1422] Clamping features from 56130 to 32768 - consider increasing the maximum number of matches.
W20260622 22:31:16.147040 135483158433792 sift.cc:1422] Clamping features from 36724 to 32768 - consider increasing the maximum number of matches.
W20260622 22:31:16.170483 135483158433792 sift.cc:1422] Clamping features from 36752 to 32768 - consider increasing the maximum number of matches.
W20260622 22:31:16.175178 135472394563584 sift.cc:1422] Clamping features from 34537 to 32768 - consider increasing the maximum number of matches.
W20260622 22:31:16.190776 135472394563584 sift.cc:1422] Clamping features from 38947 to 32768 - consider increasing the maximum number of matches.
W20260622 22:31:16.190895 135483158433792 sift.cc:1422] Clamping features from 56303 to 32768 - consider increasing the maximum number of matches.
W20260622 22:31:16.206993 135483158433792 sift.cc:1422] Clamping features from 43211 to 32768 - consider increasing the maximum number of matches.
W20260622 22:31:16.220561 135472394563584 sift.cc:1422] Clamping features from 55385 to 32768 - consider increasing the maximum number of matches.
W20260622 22:31:16.235733 135483158433792 sift.cc:1422] Clamping features from 59112 to 32768 - consider increasing the maximum number of matches.
W20260622 22:31:16.258081 135472394563584 sift.cc:1422] Clamping features from 36724 to 32768 - consider increasing the maximum number of matches.
W20260622 22:31:16.262688 135483158433792 sift.cc:1422] Clamping features from 56130 to 32768 - consider increasing the maximum number of matches.
W20260622 22:31:16.278368 135483158433792 sift.cc:1422] Clamping features from 55385 to 32768 - consider increasing the maximum number of matches.
W20260622 22:31:16.291375 135483158433792 sift.cc:1422] Clamping features from 36724 to 32768 - consider increasing the maximum number of matches.
W20260622 22:31:16.291566 135472394563584 sift.cc:1422] Clamping features from 36752 to 32768 - consider increasing the maximum number of matches.
W20260622 22:31:16.307702 135483158433792 sift.cc:1422] Clamping features from 36752 to 32768 - consider increasing the maximum number of matches.
W20260622 22:31:16.320785 135472394563584 sift.cc:1422] Clamping features from 56303 to 32768 - consider increasing the maximum number of matches.
W20260622 22:31:16.336823 135483158433792 sift.cc:1422] Clamping features from 56303 to 32768 - consider increasing the maximum number of matches.
W20260622 22:31:16.349378 135472394563584 sift.cc:1422] Clamping features from 43211 to 32768 - consider increasing the maximum number of matches.
W20260622 22:31:16.365309 135483158433792 sift.cc:1422] Clamping features from 43211 to 32768 - consider increasing the maximum number of matches.
W20260622 22:31:16.377930 135472394563584 sift.cc:1422] Clamping features from 59112 to 32768 - consider increasing the maximum number of matches.
W20260622 22:31:16.392525 135483158433792 sift.cc:1422] Clamping features from 59112 to 32768 - consider increasing the maximum number of matches.
W20260622 22:31:16.408334 135483158433792 sift.cc:1422] Clamping features from 56130 to 32768 - consider increasing the maximum number of matches.
W20260622 22:31:16.421310 135472394563584 sift.cc:1422] Clamping features from 56130 to 32768 - consider increasing the maximum number of matches.
W20260622 22:31:16.436998 135483158433792 sift.cc:1422] Clamping features from 36724 to 32768 - consider increasing the maximum number of matches.
W20260622 22:31:16.448965 135472394563584 sift.cc:1422] Clamping features from 38947 to 32768 - consider increasing the maximum number of matches.
W20260622 22:31:16.449695 135483158433792 sift.cc:1422] Clamping features from 36752 to 32768 - consider increasing the maximum number of matches.
W20260622 22:31:16.452548 135472394563584 sift.cc:1422] Clamping features from 55385 to 32768 - consider increasing the maximum number of matches.
W20260622 22:31:16.469062 135472394563584 sift.cc:1422] Clamping features from 36752 to 32768 - consider increasing the maximum number of matches.
W20260622 22:31:16.469099 135483158433792 sift.cc:1422] Clamping features from 56303 to 32768 - consider increasing the maximum number of matches.
W20260622 22:31:16.486066 135483158433792 sift.cc:1422] Clamping features from 43211 to 32768 - consider increasing the maximum number of matches.
W20260622 22:31:16.498369 135472394563584 sift.cc:1422] Clamping features from 56303 to 32768 - consider increasing the maximum number of matches.
W20260622 22:31:16.514916 135483158433792 sift.cc:1422] Clamping features from 59112 to 32768 - consider increasing the maximum number of matches.
W20260622 22:31:16.528716 135472394563584 sift.cc:1422] Clamping features from 43211 to 32768 - consider increasing the maximum number of matches.
W20260622 22:31:16.543745 135483158433792 sift.cc:1422] Clamping features from 56130 to 32768 - consider increasing the maximum number of matches.
W20260622 22:31:16.567744 135472394563584 sift.cc:1422] Clamping features from 36724 to 32768 - consider increasing the maximum number of matches.
W20260622 22:31:16.572621 135483158433792 sift.cc:1422] Clamping features from 36752 to 32768 - consider increasing the maximum number of matches.
W20260622 22:31:16.574090 135483158433792 sift.cc:1422] Clamping features from 56303 to 32768 - consider increasing the maximum number of matches.
W20260622 22:31:16.586874 135472394563584 sift.cc:1422] Clamping features from 59112 to 32768 - consider increasing the maximum number of matches.
W20260622 22:31:16.601343 135483158433792 sift.cc:1422] Clamping features from 43211 to 32768 - consider increasing the maximum number of matches.
W20260622 22:31:16.614109 135472394563584 sift.cc:1422] Clamping features from 56130 to 32768 - consider increasing the maximum number of matches.
W20260622 22:31:16.628371 135483158433792 sift.cc:1422] Clamping features from 59112 to 32768 - consider increasing the maximum number of matches.
W20260622 22:31:16.644190 135483158433792 sift.cc:1422] Clamping features from 56130 to 32768 - consider increasing the maximum number of matches.
W20260622 22:31:16.657095 135472394563584 sift.cc:1422] Clamping features from 55385 to 32768 - consider increasing the maximum number of matches.
W20260622 22:31:16.671401 135483158433792 sift.cc:1422] Clamping features from 56303 to 32768 - consider increasing the maximum number of matches.
W20260622 22:31:16.672868 135483158433792 sift.cc:1422] Clamping features from 43211 to 32768 - consider increasing the maximum number of matches.
W20260622 22:31:16.672906 135472394563584 sift.cc:1422] Clamping features from 36724 to 32768 - consider increasing the maximum number of matches.
W20260622 22:31:16.688500 135483158433792 sift.cc:1422] Clamping features from 59112 to 32768 - consider increasing the maximum number of matches.
W20260622 22:31:16.700374 135472394563584 sift.cc:1422] Clamping features from 36752 to 32768 - consider increasing the maximum number of matches.
W20260622 22:31:16.715677 135483158433792 sift.cc:1422] Clamping features from 56130 to 32768 - consider increasing the maximum number of matches.
W20260622 22:31:16.725070 135472394563584 sift.cc:1422] Clamping features from 56303 to 32768 - consider increasing the maximum number of matches.
W20260622 22:31:16.740420 135472394563584 sift.cc:1422] Clamping features from 43211 to 32768 - consider increasing the maximum number of matches.
W20260622 22:31:16.740458 135483158433792 sift.cc:1422] Clamping features from 43211 to 32768 - consider increasing the maximum number of matches.
W20260622 22:31:16.741873 135483158433792 sift.cc:1422] Clamping features from 59112 to 32768 - consider increasing the maximum number of matches.
W20260622 22:31:16.741918 135472394563584 sift.cc:1422] Clamping features from 59112 to 32768 - consider increasing the maximum number of matches.
W20260622 22:31:16.758159 135483158433792 sift.cc:1422] Clamping features from 56130 to 32768 - consider increasing the maximum number of matches.
W20260622 22:31:16.771364 135472394563584 sift.cc:1422] Clamping features from 56130 to 32768 - consider increasing the maximum number of matches.
W20260622 22:31:16.787321 135483158433792 sift.cc:1422] Clamping features from 59112 to 32768 - consider increasing the maximum number of matches.
W20260622 22:31:16.800346 135472394563584 sift.cc:1422] Clamping features from 36724 to 32768 - consider increasing the maximum number of matches.
W20260622 22:31:16.821774 135472394563584 sift.cc:1422] Clamping features from 36752 to 32768 - consider increasing the maximum number of matches.
W20260622 22:31:16.844387 135472394563584 sift.cc:1422] Clamping features from 56303 to 32768 - consider increasing the maximum number of matches.
W20260622 22:31:16.867240 135472394563584 sift.cc:1422] Clamping features from 43211 to 32768 - consider increasing the maximum number of matches.
W20260622 22:31:16.890619 135472394563584 sift.cc:1422] Clamping features from 59112 to 32768 - consider increasing the maximum number of matches.
W20260622 22:31:16.914431 135472394563584 sift.cc:1422] Clamping features from 56130 to 32768 - consider increasing the maximum number of matches.
W20260622 22:31:16.938691 135472394563584 sift.cc:1422] Clamping features from 36752 to 32768 - consider increasing the maximum number of matches.
W20260622 22:31:16.939699 135472394563584 sift.cc:1422] Clamping features from 56303 to 32768 - consider increasing the maximum number of matches.
W20260622 22:31:16.962288 135472394563584 sift.cc:1422] Clamping features from 59112 to 32768 - consider increasing the maximum number of matches.
W20260622 22:31:16.983832 135472394563584 sift.cc:1422] Clamping features from 43211 to 32768 - consider increasing the maximum number of matches.
W20260622 22:31:17.008373 135472394563584 sift.cc:1422] Clamping features from 56130 to 32768 - consider increasing the maximum number of matches.
W20260622 22:31:17.032685 135472394563584 sift.cc:1422] Clamping features from 56303 to 32768 - consider increasing the maximum number of matches.
W20260622 22:31:17.034444 135472394563584 sift.cc:1422] Clamping features from 43211 to 32768 - consider increasing the maximum number of matches.
W20260622 22:31:17.058739 135472394563584 sift.cc:1422] Clamping features from 59112 to 32768 - consider increasing the maximum number of matches.
W20260622 22:31:17.082212 135472394563584 sift.cc:1422] Clamping features from 56130 to 32768 - consider increasing the maximum number of matches.
W20260622 22:31:17.105962 135472394563584 sift.cc:1422] Clamping features from 43211 to 32768 - consider increasing the maximum number of matches.
W20260622 22:31:17.106875 135472394563584 sift.cc:1422] Clamping features from 59112 to 32768 - consider increasing the maximum number of matches.
W20260622 22:31:17.130950 135472394563584 sift.cc:1422] Clamping features from 56130 to 32768 - consider increasing the maximum number of matches.
W20260622 22:31:17.152432 135472394563584 sift.cc:1422] Clamping features from 59112 to 32768 - consider increasing the maximum number of matches.
I20260622 22:31:17.176184 135483166826496 feature_matching.cc:117] in 2.036s
I20260622 22:31:17.176225 135483166826496 timer.cc:90] Elapsed time: 0.037 [minutes]
I20260622 22:31:17.450749 132585884762112 misc.cc:44] 
==============================================================================
Loading model
==============================================================================
I20260622 22:31:17.452283 132585884762112 incremental_pipeline.cc:264] Loading database
I20260622 22:31:17.452993 132585884762112 database_cache.cc:67] Loading rigs...
I20260622 22:31:17.453032 132585884762112 database_cache.cc:77]  12 in 0.000s
I20260622 22:31:17.453038 132585884762112 database_cache.cc:85] Loading cameras...
I20260622 22:31:17.453050 132585884762112 database_cache.cc:103]  12 in 0.000s
I20260622 22:31:17.453053 132585884762112 database_cache.cc:111] Loading frames...
I20260622 22:31:17.453080 132585884762112 database_cache.cc:126]  12 in 0.000s
I20260622 22:31:17.453083 132585884762112 database_cache.cc:134] Loading matches...
I20260622 22:31:17.453960 132585884762112 database_cache.cc:139]  59 in 0.001s
I20260622 22:31:17.453973 132585884762112 database_cache.cc:155] Loading images...
I20260622 22:31:17.477711 132585884762112 database_cache.cc:239]  12 in 0.024s (connected 12)
I20260622 22:31:17.477771 132585884762112 database_cache.cc:250] Building correspondence graph...
I20260622 22:31:17.505172 132585884762112 database_cache.cc:277]  in 0.027s (ignored 0)
I20260622 22:31:17.505426 132585884762112 timer.cc:90] Elapsed time: 0.001 [minutes]
E20260622 22:31:17.505443 132585884762112 reconstruction.cc:165] Check failed: existing_frame.RigId() == frame.RigId() 
terminate called after throwing an instance of 'std::invalid_argument'
  what():  [reconstruction.cc:165] Check failed: existing_frame.RigId() == frame.RigId() 
*** Aborted at 1782138677 (unix time) try "date -d @1782138677" if you are using GNU date ***
PC: @     0x78968009eb2c pthread_kill
*** SIGABRT (@0x3f100048917) received by PID 297239 (TID 0x78960e904000) from PID 297239; stack trace: ***
    @     0x7896800a1ed3 (/usr/lib/x86_64-linux-gnu/libc.so.6+0xa1ed2)
    @     0x78968297f917 google::(anonymous namespace)::FailureSignalHandler(int, siginfo*, void*)
    @     0x789680045330 (/usr/lib/x86_64-linux-gnu/libc.so.6+0x4532f)
    @     0x78968009eb2c pthread_kill
    @     0x78968004527e gsignal
    @     0x7896800288ff abort
    @     0x7896804cef37 __gnu_cxx::__verbose_terminate_handler()
    @     0x7896804cd519 __cxxabiv1::__terminate(void (*)())
    @     0x7896804c7063 std::terminate()
    @     0x7896804cd71c __cxa_throw
    @     0x6526581aa929 colmap::LogMessageFatalThrow<std::invalid_argument>::~LogMessageFatalThrow()
    @     0x6526582bbecb colmap::Reconstruction::Load(colmap::DatabaseCache const&)
    @     0x6526583185ee colmap::IncrementalMapper::BeginReconstruction(std::shared_ptr<colmap::Reconstruction> const&)
    @     0x652658230c0c colmap::IncrementalPipeline::TriangulateReconstruction(std::shared_ptr<colmap::Reconstruction> const&)
    @     0x6526581b18aa colmap::RunPointTriangulatorImpl(std::shared_ptr<colmap::Reconstruction> const&, std::__cxx11::basic_string<char, std::char_traits<char>, std::allocator<char> > const&, std::__cxx11::basic_string<char, std::char_traits<char>, std::allocator<char> > const&,ŘSX
    @     0x6526581b2063 colmap::RunPointTriangulator(int, char**)
    @     0x6526581934f9 main
    @     0x78968002a1ca (/usr/lib/x86_64-linux-gnu/libc.so.6+0x2a1c9)
    @     0x78968002a28b __libc_start_main
    @     0x652658199f64 (/data2/buaajianghengchen/conda_envs/EAP-GS/bin/colmap+0x12bf63)
Aborted (core dumped)
cp: cannot stat 'sparse/points3D.bin': No such file or directory
